The system is: Linux - 6.1.62 - x86_64
Compiling the C compiler identification source file "CMakeCCompilerId.c" succeeded.
Compiler: /nix/store/3hbxw05vfs6m1155xa6pvribs3bv777n-gcc-wrapper-12.2.0/bin/gcc 
Build flags: 
Id flags:  

The output was:
0


Compilation of the C compiler identification source "CMakeCCompilerId.c" produced "a.out"

The C compiler identification is GNU, found in "/home/daily/Projects/pong/build/CMakeFiles/3.25.3/CompilerIdC/a.out"

Compiling the CXX compiler identification source file "CMakeCXXCompilerId.cpp" succeeded.
Compiler: /nix/store/3hbxw05vfs6m1155xa6pvribs3bv777n-gcc-wrapper-12.2.0/bin/g++ 
Build flags: 
Id flags:  

The output was:
0


Compilation of the CXX compiler identification source "CMakeCXXCompilerId.cpp" produced "a.out"

The CXX compiler identification is GNU, found in "/home/daily/Projects/pong/build/CMakeFiles/3.25.3/CompilerIdCXX/a.out"

Detecting C compiler ABI info compiled with the following output:
Change Dir: /home/daily/Projects/pong/build/CMakeFiles/CMakeScratch/TryCompile-RS96lo

Run Build Command(s):/nix/store/qlcm8dzsaa6wyycmx7in8rz6x3pzf6zf-gnumake-4.4.1/bin/make -f Makefile cmTC_b9b93/fast && /nix/store/qlcm8dzsaa6wyycmx7in8rz6x3pzf6zf-gnumake-4.4.1/bin/make  -f CMakeFiles/cmTC_b9b93.dir/build.make CMakeFiles/cmTC_b9b93.dir/build
make[1]: Entering directory '/home/daily/Projects/pong/build/CMakeFiles/CMakeScratch/TryCompile-RS96lo'
Building C object CMakeFiles/cmTC_b9b93.dir/CMakeCCompilerABI.c.o
/nix/store/3hbxw05vfs6m1155xa6pvribs3bv777n-gcc-wrapper-12.2.0/bin/gcc   -v -o CMakeFiles/cmTC_b9b93.dir/CMakeCCompilerABI.c.o -c /nix/store/jzfa947q6wvkwmy7f3rnll66gzwv9m9s-cmake-3.25.3/share/cmake-3.25/Modules/CMakeCCompilerABI.c
Using built-in specs.
COLLECT_GCC=/nix/store/jgdz5wfqc6q6qhy17lsqnfpbkfi1fcar-gcc-12.2.0/bin/gcc
Target: x86_64-unknown-linux-gnu
Configured with: 
Thread model: posix
Supported LTO compression algorithms: zlib
gcc version 12.2.0 (GCC) 
COLLECT_GCC_OPTIONS='-fPIC' '-Wformat=1' '-Wformat-security' '-Werror=format-security' '-fstack-protector-strong' '--param=ssp-buffer-size=4' '-O2' '-U' '_FORTIFY_SOURCE' '-D' '_FORTIFY_SOURCE=2' '-fno-strict-overflow' '-v' '-o' 'CMakeFiles/cmTC_b9b93.dir/CMakeCCompilerABI.c.o' '-c' '-B' '/nix/store/whypqfa83z4bsn43n4byvmw80n4mg3r8-glibc-2.37-45/lib/' '-idirafter' '/nix/store/linb70pgp53f0kygxm5wk163dx22d681-glibc-2.37-45-dev/include' '-idirafter' '/nix/store/jgdz5wfqc6q6qhy17lsqnfpbkfi1fcar-gcc-12.2.0/lib/gcc/x86_64-unknown-linux-gnu/12.2.0/include-fixed' '-B' '/nix/store/bmfc7mrr7kilf45wpfd60davjaqfmagv-gcc-12.2.0-lib/lib' '-B' '/nix/store/3hbxw05vfs6m1155xa6pvribs3bv777n-gcc-wrapper-12.2.0/bin/' '-frandom-seed=46hvwiklwv' '-isystem' '/nix/store/mk2dh1va00xkk2ri19jj4y77m22cjcnq-sfml-2.5.1/include' '-isystem' '/nix/store/ply2mi3mcb45qdyh2rmppj6cjlxvb2mn-box2d-2.3.1/include' '-isystem' '/nix/store/7xbnc8sjsrip8dn8q8dc65n4kxa1s3cx-gdb-13.1/include' '-isystem' '/nix/store/mk2dh1va00xkk2ri19jj4y77m22cjcnq-sfml-2.5.1/include' '-isystem' '/nix/store/ply2mi3mcb45qdyh2rmppj6cjlxvb2mn-box2d-2.3.1/include' '-isystem' '/nix/store/7xbnc8sjsrip8dn8q8dc65n4kxa1s3cx-gdb-13.1/include' '-mtune=generic' '-march=x86-64' '-dumpdir' 'CMakeFiles/cmTC_b9b93.dir/'
 /nix/store/jgdz5wfqc6q6qhy17lsqnfpbkfi1fcar-gcc-12.2.0/libexec/gcc/x86_64-unknown-linux-gnu/12.2.0/cc1 -quiet -v -U _FORTIFY_SOURCE -D _FORTIFY_SOURCE=2 -idirafter /nix/store/linb70pgp53f0kygxm5wk163dx22d681-glibc-2.37-45-dev/include -idirafter /nix/store/jgdz5wfqc6q6qhy17lsqnfpbkfi1fcar-gcc-12.2.0/lib/gcc/x86_64-unknown-linux-gnu/12.2.0/include-fixed -isystem /nix/store/mk2dh1va00xkk2ri19jj4y77m22cjcnq-sfml-2.5.1/include -isystem /nix/store/ply2mi3mcb45qdyh2rmppj6cjlxvb2mn-box2d-2.3.1/include -isystem /nix/store/7xbnc8sjsrip8dn8q8dc65n4kxa1s3cx-gdb-13.1/include -isystem /nix/store/mk2dh1va00xkk2ri19jj4y77m22cjcnq-sfml-2.5.1/include -isystem /nix/store/ply2mi3mcb45qdyh2rmppj6cjlxvb2mn-box2d-2.3.1/include -isystem /nix/store/7xbnc8sjsrip8dn8q8dc65n4kxa1s3cx-gdb-13.1/include /nix/store/jzfa947q6wvkwmy7f3rnll66gzwv9m9s-cmake-3.25.3/share/cmake-3.25/Modules/CMakeCCompilerABI.c -quiet -dumpdir CMakeFiles/cmTC_b9b93.dir/ -dumpbase CMakeCCompilerABI.c.c -dumpbase-ext .c -mtune=generic -march=x86-64 -O2 -Wformat=1 -Wformat-security -Werror=format-security -version -fPIC -fstack-protector-strong -fno-strict-overflow -frandom-seed=46hvwiklwv --param=ssp-buffer-size=4 -o /run/user/1000/ccUQThuz.s
GNU C17 (GCC) version 12.2.0 (x86_64-unknown-linux-gnu)
	compiled by GNU C version 12.2.0, GMP version 6.2.1, MPFR version 4.2.0, MPC version 1.3.1, isl version isl-0.20-GMP

GGC heuristics: --param ggc-min-expand=100 --param ggc-min-heapsize=131072
ignoring duplicate directory "/nix/store/mk2dh1va00xkk2ri19jj4y77m22cjcnq-sfml-2.5.1/include"
ignoring duplicate directory "/nix/store/ply2mi3mcb45qdyh2rmppj6cjlxvb2mn-box2d-2.3.1/include"
ignoring duplicate directory "/nix/store/7xbnc8sjsrip8dn8q8dc65n4kxa1s3cx-gdb-13.1/include"
ignoring nonexistent directory "/nix/store/jgdz5wfqc6q6qhy17lsqnfpbkfi1fcar-gcc-12.2.0/lib/gcc/x86_64-unknown-linux-gnu/12.2.0/../../../../x86_64-unknown-linux-gnu/include"
ignoring duplicate directory "/nix/store/linb70pgp53f0kygxm5wk163dx22d681-glibc-2.37-45-dev/include"
ignoring duplicate directory "/nix/store/jgdz5wfqc6q6qhy17lsqnfpbkfi1fcar-gcc-12.2.0/lib/gcc/x86_64-unknown-linux-gnu/12.2.0/include-fixed"
#include "..." search starts here:
#include <...> search starts here:
 /nix/store/mk2dh1va00xkk2ri19jj4y77m22cjcnq-sfml-2.5.1/include
 /nix/store/ply2mi3mcb45qdyh2rmppj6cjlxvb2mn-box2d-2.3.1/include
 /nix/store/7xbnc8sjsrip8dn8q8dc65n4kxa1s3cx-gdb-13.1/include
 /nix/store/jgdz5wfqc6q6qhy17lsqnfpbkfi1fcar-gcc-12.2.0/lib/gcc/x86_64-unknown-linux-gnu/12.2.0/include
 /nix/store/jgdz5wfqc6q6qhy17lsqnfpbkfi1fcar-gcc-12.2.0/include
 /nix/store/jgdz5wfqc6q6qhy17lsqnfpbkfi1fcar-gcc-12.2.0/lib/gcc/x86_64-unknown-linux-gnu/12.2.0/include-fixed
 /nix/store/linb70pgp53f0kygxm5wk163dx22d681-glibc-2.37-45-dev/include
End of search list.
GNU C17 (GCC) version 12.2.0 (x86_64-unknown-linux-gnu)
	compiled by GNU C version 12.2.0, GMP version 6.2.1, MPFR version 4.2.0, MPC version 1.3.1, isl version isl-0.20-GMP

GGC heuristics: --param ggc-min-expand=100 --param ggc-min-heapsize=131072
Compiler executable checksum: d7dd40d3581f5a112f7fae9fa78a86e5
COLLECT_GCC_OPTIONS='-fPIC' '-Wformat=1' '-Wformat-security' '-Werror=format-security' '-fstack-protector-strong' '--param=ssp-buffer-size=4' '-O2' '-U' '_FORTIFY_SOURCE' '-D' '_FORTIFY_SOURCE=2' '-fno-strict-overflow' '-v' '-o' 'CMakeFiles/cmTC_b9b93.dir/CMakeCCompilerABI.c.o' '-c' '-B' '/nix/store/whypqfa83z4bsn43n4byvmw80n4mg3r8-glibc-2.37-45/lib/' '-idirafter' '/nix/store/linb70pgp53f0kygxm5wk163dx22d681-glibc-2.37-45-dev/include' '-idirafter' '/nix/store/jgdz5wfqc6q6qhy17lsqnfpbkfi1fcar-gcc-12.2.0/lib/gcc/x86_64-unknown-linux-gnu/12.2.0/include-fixed' '-B' '/nix/store/bmfc7mrr7kilf45wpfd60davjaqfmagv-gcc-12.2.0-lib/lib' '-B' '/nix/store/3hbxw05vfs6m1155xa6pvribs3bv777n-gcc-wrapper-12.2.0/bin/' '-frandom-seed=46hvwiklwv' '-isystem' '/nix/store/mk2dh1va00xkk2ri19jj4y77m22cjcnq-sfml-2.5.1/include' '-isystem' '/nix/store/ply2mi3mcb45qdyh2rmppj6cjlxvb2mn-box2d-2.3.1/include' '-isystem' '/nix/store/7xbnc8sjsrip8dn8q8dc65n4kxa1s3cx-gdb-13.1/include' '-isystem' '/nix/store/mk2dh1va00xkk2ri19jj4y77m22cjcnq-sfml-2.5.1/include' '-isystem' '/nix/store/ply2mi3mcb45qdyh2rmppj6cjlxvb2mn-box2d-2.3.1/include' '-isystem' '/nix/store/7xbnc8sjsrip8dn8q8dc65n4kxa1s3cx-gdb-13.1/include' '-mtune=generic' '-march=x86-64' '-dumpdir' 'CMakeFiles/cmTC_b9b93.dir/'
 /nix/store/3hbxw05vfs6m1155xa6pvribs3bv777n-gcc-wrapper-12.2.0/bin/as -v --64 -o CMakeFiles/cmTC_b9b93.dir/CMakeCCompilerABI.c.o /run/user/1000/ccUQThuz.s
GNU assembler version 2.40 (x86_64-unknown-linux-gnu) using BFD version (GNU Binutils) 2.40
COMPILER_PATH=/nix/store/whypqfa83z4bsn43n4byvmw80n4mg3r8-glibc-2.37-45/lib/:/nix/store/bmfc7mrr7kilf45wpfd60davjaqfmagv-gcc-12.2.0-lib/lib/:/nix/store/3hbxw05vfs6m1155xa6pvribs3bv777n-gcc-wrapper-12.2.0/bin/:/nix/store/jgdz5wfqc6q6qhy17lsqnfpbkfi1fcar-gcc-12.2.0/libexec/gcc/x86_64-unknown-linux-gnu/12.2.0/:/nix/store/jgdz5wfqc6q6qhy17lsqnfpbkfi1fcar-gcc-12.2.0/libexec/gcc/x86_64-unknown-linux-gnu/12.2.0/:/nix/store/jgdz5wfqc6q6qhy17lsqnfpbkfi1fcar-gcc-12.2.0/libexec/gcc/x86_64-unknown-linux-gnu/:/nix/store/jgdz5wfqc6q6qhy17lsqnfpbkfi1fcar-gcc-12.2.0/lib/gcc/x86_64-unknown-linux-gnu/12.2.0/:/nix/store/jgdz5wfqc6q6qhy17lsqnfpbkfi1fcar-gcc-12.2.0/lib/gcc/x86_64-unknown-linux-gnu/
LIBRARY_PATH=/nix/store/whypqfa83z4bsn43n4byvmw80n4mg3r8-glibc-2.37-45/lib/:/nix/store/bmfc7mrr7kilf45wpfd60davjaqfmagv-gcc-12.2.0-lib/lib/:/nix/store/3hbxw05vfs6m1155xa6pvribs3bv777n-gcc-wrapper-12.2.0/bin/:/nix/store/jgdz5wfqc6q6qhy17lsqnfpbkfi1fcar-gcc-12.2.0/lib/gcc/x86_64-unknown-linux-gnu/12.2.0/:/nix/store/jgdz5wfqc6q6qhy17lsqnfpbkfi1fcar-gcc-12.2.0/lib/gcc/x86_64-unknown-linux-gnu/12.2.0/../../../../lib64/:/nix/store/jgdz5wfqc6q6qhy17lsqnfpbkfi1fcar-gcc-12.2.0/lib/gcc/x86_64-unknown-linux-gnu/12.2.0/../../../
COLLECT_GCC_OPTIONS='-fPIC' '-Wformat=1' '-Wformat-security' '-Werror=format-security' '-fstack-protector-strong' '--param=ssp-buffer-size=4' '-O2' '-U' '_FORTIFY_SOURCE' '-D' '_FORTIFY_SOURCE=2' '-fno-strict-overflow' '-v' '-o' 'CMakeFiles/cmTC_b9b93.dir/CMakeCCompilerABI.c.o' '-c' '-B' '/nix/store/whypqfa83z4bsn43n4byvmw80n4mg3r8-glibc-2.37-45/lib/' '-idirafter' '/nix/store/linb70pgp53f0kygxm5wk163dx22d681-glibc-2.37-45-dev/include' '-idirafter' '/nix/store/jgdz5wfqc6q6qhy17lsqnfpbkfi1fcar-gcc-12.2.0/lib/gcc/x86_64-unknown-linux-gnu/12.2.0/include-fixed' '-B' '/nix/store/bmfc7mrr7kilf45wpfd60davjaqfmagv-gcc-12.2.0-lib/lib' '-B' '/nix/store/3hbxw05vfs6m1155xa6pvribs3bv777n-gcc-wrapper-12.2.0/bin/' '-frandom-seed=46hvwiklwv' '-isystem' '/nix/store/mk2dh1va00xkk2ri19jj4y77m22cjcnq-sfml-2.5.1/include' '-isystem' '/nix/store/ply2mi3mcb45qdyh2rmppj6cjlxvb2mn-box2d-2.3.1/include' '-isystem' '/nix/store/7xbnc8sjsrip8dn8q8dc65n4kxa1s3cx-gdb-13.1/include' '-isystem' '/nix/store/mk2dh1va00xkk2ri19jj4y77m22cjcnq-sfml-2.5.1/include' '-isystem' '/nix/store/ply2mi3mcb45qdyh2rmppj6cjlxvb2mn-box2d-2.3.1/include' '-isystem' '/nix/store/7xbnc8sjsrip8dn8q8dc65n4kxa1s3cx-gdb-13.1/include' '-mtune=generic' '-march=x86-64' '-dumpdir' 'CMakeFiles/cmTC_b9b93.dir/CMakeCCompilerABI.c.'
Linking C executable cmTC_b9b93
/nix/store/jzfa947q6wvkwmy7f3rnll66gzwv9m9s-cmake-3.25.3/bin/cmake -E cmake_link_script CMakeFiles/cmTC_b9b93.dir/link.txt --verbose=1
/nix/store/3hbxw05vfs6m1155xa6pvribs3bv777n-gcc-wrapper-12.2.0/bin/gcc  -v -rdynamic CMakeFiles/cmTC_b9b93.dir/CMakeCCompilerABI.c.o -o cmTC_b9b93 
Using built-in specs.
COLLECT_GCC=/nix/store/jgdz5wfqc6q6qhy17lsqnfpbkfi1fcar-gcc-12.2.0/bin/gcc
COLLECT_LTO_WRAPPER=/nix/store/jgdz5wfqc6q6qhy17lsqnfpbkfi1fcar-gcc-12.2.0/libexec/gcc/x86_64-unknown-linux-gnu/12.2.0/lto-wrapper
Target: x86_64-unknown-linux-gnu
Configured with: 
Thread model: posix
Supported LTO compression algorithms: zlib
gcc version 12.2.0 (GCC) 
COMPILER_PATH=/nix/store/whypqfa83z4bsn43n4byvmw80n4mg3r8-glibc-2.37-45/lib/:/nix/store/bmfc7mrr7kilf45wpfd60davjaqfmagv-gcc-12.2.0-lib/lib/:/nix/store/3hbxw05vfs6m1155xa6pvribs3bv777n-gcc-wrapper-12.2.0/bin/:/nix/store/jgdz5wfqc6q6qhy17lsqnfpbkfi1fcar-gcc-12.2.0/libexec/gcc/x86_64-unknown-linux-gnu/12.2.0/:/nix/store/jgdz5wfqc6q6qhy17lsqnfpbkfi1fcar-gcc-12.2.0/libexec/gcc/x86_64-unknown-linux-gnu/12.2.0/:/nix/store/jgdz5wfqc6q6qhy17lsqnfpbkfi1fcar-gcc-12.2.0/libexec/gcc/x86_64-unknown-linux-gnu/:/nix/store/jgdz5wfqc6q6qhy17lsqnfpbkfi1fcar-gcc-12.2.0/lib/gcc/x86_64-unknown-linux-gnu/12.2.0/:/nix/store/jgdz5wfqc6q6qhy17lsqnfpbkfi1fcar-gcc-12.2.0/lib/gcc/x86_64-unknown-linux-gnu/
LIBRARY_PATH=/nix/store/whypqfa83z4bsn43n4byvmw80n4mg3r8-glibc-2.37-45/lib/:/nix/store/bmfc7mrr7kilf45wpfd60davjaqfmagv-gcc-12.2.0-lib/lib/:/nix/store/3hbxw05vfs6m1155xa6pvribs3bv777n-gcc-wrapper-12.2.0/bin/:/nix/store/jgdz5wfqc6q6qhy17lsqnfpbkfi1fcar-gcc-12.2.0/lib/gcc/x86_64-unknown-linux-gnu/12.2.0/:/nix/store/jgdz5wfqc6q6qhy17lsqnfpbkfi1fcar-gcc-12.2.0/lib/gcc/x86_64-unknown-linux-gnu/12.2.0/../../../../lib64/:/nix/store/jgdz5wfqc6q6qhy17lsqnfpbkfi1fcar-gcc-12.2.0/lib/gcc/x86_64-unknown-linux-gnu/12.2.0/../../../
COLLECT_GCC_OPTIONS='-fPIC' '-Wformat=1' '-Wformat-security' '-Werror=format-security' '-fstack-protector-strong' '--param=ssp-buffer-size=4' '-O2' '-U' '_FORTIFY_SOURCE' '-D' '_FORTIFY_SOURCE=2' '-fno-strict-overflow' '-v' '-rdynamic' '-o' 'cmTC_b9b93' '-B' '/nix/store/whypqfa83z4bsn43n4byvmw80n4mg3r8-glibc-2.37-45/lib/' '-idirafter' '/nix/store/linb70pgp53f0kygxm5wk163dx22d681-glibc-2.37-45-dev/include' '-idirafter' '/nix/store/jgdz5wfqc6q6qhy17lsqnfpbkfi1fcar-gcc-12.2.0/lib/gcc/x86_64-unknown-linux-gnu/12.2.0/include-fixed' '-B' '/nix/store/bmfc7mrr7kilf45wpfd60davjaqfmagv-gcc-12.2.0-lib/lib' '-B' '/nix/store/3hbxw05vfs6m1155xa6pvribs3bv777n-gcc-wrapper-12.2.0/bin/' '-frandom-seed=46hvwiklwv' '-isystem' '/nix/store/mk2dh1va00xkk2ri19jj4y77m22cjcnq-sfml-2.5.1/include' '-isystem' '/nix/store/ply2mi3mcb45qdyh2rmppj6cjlxvb2mn-box2d-2.3.1/include' '-isystem' '/nix/store/7xbnc8sjsrip8dn8q8dc65n4kxa1s3cx-gdb-13.1/include' '-isystem' '/nix/store/mk2dh1va00xkk2ri19jj4y77m22cjcnq-sfml-2.5.1/include' '-isystem' '/nix/store/ply2mi3mcb45qdyh2rmppj6cjlxvb2mn-box2d-2.3.1/include' '-isystem' '/nix/store/7xbnc8sjsrip8dn8q8dc65n4kxa1s3cx-gdb-13.1/include' '-L/nix/store/mk2dh1va00xkk2ri19jj4y77m22cjcnq-sfml-2.5.1/lib' '-L/nix/store/ply2mi3mcb45qdyh2rmppj6cjlxvb2mn-box2d-2.3.1/lib' '-L/nix/store/7xbnc8sjsrip8dn8q8dc65n4kxa1s3cx-gdb-13.1/lib' '-L/nix/store/mk2dh1va00xkk2ri19jj4y77m22cjcnq-sfml-2.5.1/lib' '-L/nix/store/ply2mi3mcb45qdyh2rmppj6cjlxvb2mn-box2d-2.3.1/lib' '-L/nix/store/7xbnc8sjsrip8dn8q8dc65n4kxa1s3cx-gdb-13.1/lib' '-L/nix/store/whypqfa83z4bsn43n4byvmw80n4mg3r8-glibc-2.37-45/lib' '-L/nix/store/jgdz5wfqc6q6qhy17lsqnfpbkfi1fcar-gcc-12.2.0/lib/gcc/x86_64-unknown-linux-gnu/12.2.0' '-L/nix/store/bmfc7mrr7kilf45wpfd60davjaqfmagv-gcc-12.2.0-lib/x86_64-unknown-linux-gnu/lib' '-L/nix/store/bmfc7mrr7kilf45wpfd60davjaqfmagv-gcc-12.2.0-lib/lib' '-mtune=generic' '-march=x86-64' '-dumpdir' 'cmTC_b9b93.'
 /nix/store/jgdz5wfqc6q6qhy17lsqnfpbkfi1fcar-gcc-12.2.0/libexec/gcc/x86_64-unknown-linux-gnu/12.2.0/collect2 -plugin /nix/store/jgdz5wfqc6q6qhy17lsqnfpbkfi1fcar-gcc-12.2.0/libexec/gcc/x86_64-unknown-linux-gnu/12.2.0/liblto_plugin.so -plugin-opt=/nix/store/jgdz5wfqc6q6qhy17lsqnfpbkfi1fcar-gcc-12.2.0/libexec/gcc/x86_64-unknown-linux-gnu/12.2.0/lto-wrapper -plugin-opt=-fresolution=/run/user/1000/ccyQPjYE.res -plugin-opt=-pass-through=-lgcc -plugin-opt=-pass-through=-lgcc_s -plugin-opt=-pass-through=-lc -plugin-opt=-pass-through=-lgcc -plugin-opt=-pass-through=-lgcc_s --eh-frame-hdr -m elf_x86_64 -export-dynamic -dynamic-linker /nix/store/whypqfa83z4bsn43n4byvmw80n4mg3r8-glibc-2.37-45/lib64/ld-linux-x86-64.so.2 -o cmTC_b9b93 /nix/store/whypqfa83z4bsn43n4byvmw80n4mg3r8-glibc-2.37-45/lib/crt1.o /nix/store/whypqfa83z4bsn43n4byvmw80n4mg3r8-glibc-2.37-45/lib/crti.o /nix/store/jgdz5wfqc6q6qhy17lsqnfpbkfi1fcar-gcc-12.2.0/lib/gcc/x86_64-unknown-linux-gnu/12.2.0/crtbegin.o -L/nix/store/mk2dh1va00xkk2ri19jj4y77m22cjcnq-sfml-2.5.1/lib -L/nix/store/ply2mi3mcb45qdyh2rmppj6cjlxvb2mn-box2d-2.3.1/lib -L/nix/store/7xbnc8sjsrip8dn8q8dc65n4kxa1s3cx-gdb-13.1/lib -L/nix/store/mk2dh1va00xkk2ri19jj4y77m22cjcnq-sfml-2.5.1/lib -L/nix/store/ply2mi3mcb45qdyh2rmppj6cjlxvb2mn-box2d-2.3.1/lib -L/nix/store/7xbnc8sjsrip8dn8q8dc65n4kxa1s3cx-gdb-13.1/lib -L/nix/store/whypqfa83z4bsn43n4byvmw80n4mg3r8-glibc-2.37-45/lib -L/nix/store/jgdz5wfqc6q6qhy17lsqnfpbkfi1fcar-gcc-12.2.0/lib/gcc/x86_64-unknown-linux-gnu/12.2.0 -L/nix/store/bmfc7mrr7kilf45wpfd60davjaqfmagv-gcc-12.2.0-lib/x86_64-unknown-linux-gnu/lib -L/nix/store/bmfc7mrr7kilf45wpfd60davjaqfmagv-gcc-12.2.0-lib/lib -L/nix/store/whypqfa83z4bsn43n4byvmw80n4mg3r8-glibc-2.37-45/lib -L/nix/store/bmfc7mrr7kilf45wpfd60davjaqfmagv-gcc-12.2.0-lib/lib -L/nix/store/3hbxw05vfs6m1155xa6pvribs3bv777n-gcc-wrapper-12.2.0/bin -L/nix/store/jgdz5wfqc6q6qhy17lsqnfpbkfi1fcar-gcc-12.2.0/lib/gcc/x86_64-unknown-linux-gnu/12.2.0 -L/nix/store/jgdz5wfqc6q6qhy17lsqnfpbkfi1fcar-gcc-12.2.0/lib/gcc/x86_64-unknown-linux-gnu/12.2.0/../../../../lib64 -L/nix/store/jgdz5wfqc6q6qhy17lsqnfpbkfi1fcar-gcc-12.2.0/lib/gcc/x86_64-unknown-linux-gnu/12.2.0/../../.. -dynamic-linker=/nix/store/whypqfa83z4bsn43n4byvmw80n4mg3r8-glibc-2.37-45/lib/ld-linux-x86-64.so.2 CMakeFiles/cmTC_b9b93.dir/CMakeCCompilerABI.c.o -rpath /nix/store/46hvwiklwv9vj0wz0xnnw86xj0hc3vai-nix-shell/lib64 -rpath /nix/store/46hvwiklwv9vj0wz0xnnw86xj0hc3vai-nix-shell/lib -lgcc --push-state --as-needed -lgcc_s --pop-state -lc -lgcc --push-state --as-needed -lgcc_s --pop-state /nix/store/jgdz5wfqc6q6qhy17lsqnfpbkfi1fcar-gcc-12.2.0/lib/gcc/x86_64-unknown-linux-gnu/12.2.0/crtend.o /nix/store/whypqfa83z4bsn43n4byvmw80n4mg3r8-glibc-2.37-45/lib/crtn.o
COLLECT_GCC_OPTIONS='-fPIC' '-Wformat=1' '-Wformat-security' '-Werror=format-security' '-fstack-protector-strong' '--param=ssp-buffer-size=4' '-O2' '-U' '_FORTIFY_SOURCE' '-D' '_FORTIFY_SOURCE=2' '-fno-strict-overflow' '-v' '-rdynamic' '-o' 'cmTC_b9b93' '-B' '/nix/store/whypqfa83z4bsn43n4byvmw80n4mg3r8-glibc-2.37-45/lib/' '-idirafter' '/nix/store/linb70pgp53f0kygxm5wk163dx22d681-glibc-2.37-45-dev/include' '-idirafter' '/nix/store/jgdz5wfqc6q6qhy17lsqnfpbkfi1fcar-gcc-12.2.0/lib/gcc/x86_64-unknown-linux-gnu/12.2.0/include-fixed' '-B' '/nix/store/bmfc7mrr7kilf45wpfd60davjaqfmagv-gcc-12.2.0-lib/lib' '-B' '/nix/store/3hbxw05vfs6m1155xa6pvribs3bv777n-gcc-wrapper-12.2.0/bin/' '-frandom-seed=46hvwiklwv' '-isystem' '/nix/store/mk2dh1va00xkk2ri19jj4y77m22cjcnq-sfml-2.5.1/include' '-isystem' '/nix/store/ply2mi3mcb45qdyh2rmppj6cjlxvb2mn-box2d-2.3.1/include' '-isystem' '/nix/store/7xbnc8sjsrip8dn8q8dc65n4kxa1s3cx-gdb-13.1/include' '-isystem' '/nix/store/mk2dh1va00xkk2ri19jj4y77m22cjcnq-sfml-2.5.1/include' '-isystem' '/nix/store/ply2mi3mcb45qdyh2rmppj6cjlxvb2mn-box2d-2.3.1/include' '-isystem' '/nix/store/7xbnc8sjsrip8dn8q8dc65n4kxa1s3cx-gdb-13.1/include' '-L/nix/store/mk2dh1va00xkk2ri19jj4y77m22cjcnq-sfml-2.5.1/lib' '-L/nix/store/ply2mi3mcb45qdyh2rmppj6cjlxvb2mn-box2d-2.3.1/lib' '-L/nix/store/7xbnc8sjsrip8dn8q8dc65n4kxa1s3cx-gdb-13.1/lib' '-L/nix/store/mk2dh1va00xkk2ri19jj4y77m22cjcnq-sfml-2.5.1/lib' '-L/nix/store/ply2mi3mcb45qdyh2rmppj6cjlxvb2mn-box2d-2.3.1/lib' '-L/nix/store/7xbnc8sjsrip8dn8q8dc65n4kxa1s3cx-gdb-13.1/lib' '-L/nix/store/whypqfa83z4bsn43n4byvmw80n4mg3r8-glibc-2.37-45/lib' '-L/nix/store/jgdz5wfqc6q6qhy17lsqnfpbkfi1fcar-gcc-12.2.0/lib/gcc/x86_64-unknown-linux-gnu/12.2.0' '-L/nix/store/bmfc7mrr7kilf45wpfd60davjaqfmagv-gcc-12.2.0-lib/x86_64-unknown-linux-gnu/lib' '-L/nix/store/bmfc7mrr7kilf45wpfd60davjaqfmagv-gcc-12.2.0-lib/lib' '-mtune=generic' '-march=x86-64' '-dumpdir' 'cmTC_b9b93.'
make[1]: Leaving directory '/home/daily/Projects/pong/build/CMakeFiles/CMakeScratch/TryCompile-RS96lo'



Parsed C implicit include dir info from above output: rv=done
  found start of include info
  found start of implicit include info
    add: [/nix/store/mk2dh1va00xkk2ri19jj4y77m22cjcnq-sfml-2.5.1/include]
    add: [/nix/store/ply2mi3mcb45qdyh2rmppj6cjlxvb2mn-box2d-2.3.1/include]
    add: [/nix/store/7xbnc8sjsrip8dn8q8dc65n4kxa1s3cx-gdb-13.1/include]
    add: [/nix/store/jgdz5wfqc6q6qhy17lsqnfpbkfi1fcar-gcc-12.2.0/lib/gcc/x86_64-unknown-linux-gnu/12.2.0/include]
    add: [/nix/store/jgdz5wfqc6q6qhy17lsqnfpbkfi1fcar-gcc-12.2.0/include]
    add: [/nix/store/jgdz5wfqc6q6qhy17lsqnfpbkfi1fcar-gcc-12.2.0/lib/gcc/x86_64-unknown-linux-gnu/12.2.0/include-fixed]
    add: [/nix/store/linb70pgp53f0kygxm5wk163dx22d681-glibc-2.37-45-dev/include]
  end of search list found
  collapse include dir [/nix/store/mk2dh1va00xkk2ri19jj4y77m22cjcnq-sfml-2.5.1/include] ==> [/nix/store/mk2dh1va00xkk2ri19jj4y77m22cjcnq-sfml-2.5.1/include]
  collapse include dir [/nix/store/ply2mi3mcb45qdyh2rmppj6cjlxvb2mn-box2d-2.3.1/include] ==> [/nix/store/ply2mi3mcb45qdyh2rmppj6cjlxvb2mn-box2d-2.3.1/include]
  collapse include dir [/nix/store/7xbnc8sjsrip8dn8q8dc65n4kxa1s3cx-gdb-13.1/include] ==> [/nix/store/7xbnc8sjsrip8dn8q8dc65n4kxa1s3cx-gdb-13.1/include]
  collapse include dir [/nix/store/jgdz5wfqc6q6qhy17lsqnfpbkfi1fcar-gcc-12.2.0/lib/gcc/x86_64-unknown-linux-gnu/12.2.0/include] ==> [/nix/store/jgdz5wfqc6q6qhy17lsqnfpbkfi1fcar-gcc-12.2.0/lib/gcc/x86_64-unknown-linux-gnu/12.2.0/include]
  collapse include dir [/nix/store/jgdz5wfqc6q6qhy17lsqnfpbkfi1fcar-gcc-12.2.0/include] ==> [/nix/store/jgdz5wfqc6q6qhy17lsqnfpbkfi1fcar-gcc-12.2.0/include]
  collapse include dir [/nix/store/jgdz5wfqc6q6qhy17lsqnfpbkfi1fcar-gcc-12.2.0/lib/gcc/x86_64-unknown-linux-gnu/12.2.0/include-fixed] ==> [/nix/store/jgdz5wfqc6q6qhy17lsqnfpbkfi1fcar-gcc-12.2.0/lib/gcc/x86_64-unknown-linux-gnu/12.2.0/include-fixed]
  collapse include dir [/nix/store/linb70pgp53f0kygxm5wk163dx22d681-glibc-2.37-45-dev/include] ==> [/nix/store/linb70pgp53f0kygxm5wk163dx22d681-glibc-2.37-45-dev/include]
  implicit include dirs: [/nix/store/mk2dh1va00xkk2ri19jj4y77m22cjcnq-sfml-2.5.1/include;/nix/store/ply2mi3mcb45qdyh2rmppj6cjlxvb2mn-box2d-2.3.1/include;/nix/store/7xbnc8sjsrip8dn8q8dc65n4kxa1s3cx-gdb-13.1/include;/nix/store/jgdz5wfqc6q6qhy17lsqnfpbkfi1fcar-gcc-12.2.0/lib/gcc/x86_64-unknown-linux-gnu/12.2.0/include;/nix/store/jgdz5wfqc6q6qhy17lsqnfpbkfi1fcar-gcc-12.2.0/include;/nix/store/jgdz5wfqc6q6qhy17lsqnfpbkfi1fcar-gcc-12.2.0/lib/gcc/x86_64-unknown-linux-gnu/12.2.0/include-fixed;/nix/store/linb70pgp53f0kygxm5wk163dx22d681-glibc-2.37-45-dev/include]


Parsed C implicit link information from above output:
  link line regex: [^( *|.*[/\])(ld|CMAKE_LINK_STARTFILE-NOTFOUND|([^/\]+-)?ld|collect2)[^/\]*( |$)]
  ignore line: [Change Dir: /home/daily/Projects/pong/build/CMakeFiles/CMakeScratch/TryCompile-RS96lo]
  ignore line: []
  ignore line: [Run Build Command(s):/nix/store/qlcm8dzsaa6wyycmx7in8rz6x3pzf6zf-gnumake-4.4.1/bin/make -f Makefile cmTC_b9b93/fast && /nix/store/qlcm8dzsaa6wyycmx7in8rz6x3pzf6zf-gnumake-4.4.1/bin/make  -f CMakeFiles/cmTC_b9b93.dir/build.make CMakeFiles/cmTC_b9b93.dir/build]
  ignore line: [make[1]: Entering directory '/home/daily/Projects/pong/build/CMakeFiles/CMakeScratch/TryCompile-RS96lo']
  ignore line: [Building C object CMakeFiles/cmTC_b9b93.dir/CMakeCCompilerABI.c.o]
  ignore line: [/nix/store/3hbxw05vfs6m1155xa6pvribs3bv777n-gcc-wrapper-12.2.0/bin/gcc   -v -o CMakeFiles/cmTC_b9b93.dir/CMakeCCompilerABI.c.o -c /nix/store/jzfa947q6wvkwmy7f3rnll66gzwv9m9s-cmake-3.25.3/share/cmake-3.25/Modules/CMakeCCompilerABI.c]
  ignore line: [Using built-in specs.]
  ignore line: [COLLECT_GCC=/nix/store/jgdz5wfqc6q6qhy17lsqnfpbkfi1fcar-gcc-12.2.0/bin/gcc]
  ignore line: [Target: x86_64-unknown-linux-gnu]
  ignore line: [Configured with: ]
  ignore line: [Thread model: posix]
  ignore line: [Supported LTO compression algorithms: zlib]
  ignore line: [gcc version 12.2.0 (GCC) ]
  ignore line: [COLLECT_GCC_OPTIONS='-fPIC' '-Wformat=1' '-Wformat-security' '-Werror=format-security' '-fstack-protector-strong' '--param=ssp-buffer-size=4' '-O2' '-U' '_FORTIFY_SOURCE' '-D' '_FORTIFY_SOURCE=2' '-fno-strict-overflow' '-v' '-o' 'CMakeFiles/cmTC_b9b93.dir/CMakeCCompilerABI.c.o' '-c' '-B' '/nix/store/whypqfa83z4bsn43n4byvmw80n4mg3r8-glibc-2.37-45/lib/' '-idirafter' '/nix/store/linb70pgp53f0kygxm5wk163dx22d681-glibc-2.37-45-dev/include' '-idirafter' '/nix/store/jgdz5wfqc6q6qhy17lsqnfpbkfi1fcar-gcc-12.2.0/lib/gcc/x86_64-unknown-linux-gnu/12.2.0/include-fixed' '-B' '/nix/store/bmfc7mrr7kilf45wpfd60davjaqfmagv-gcc-12.2.0-lib/lib' '-B' '/nix/store/3hbxw05vfs6m1155xa6pvribs3bv777n-gcc-wrapper-12.2.0/bin/' '-frandom-seed=46hvwiklwv' '-isystem' '/nix/store/mk2dh1va00xkk2ri19jj4y77m22cjcnq-sfml-2.5.1/include' '-isystem' '/nix/store/ply2mi3mcb45qdyh2rmppj6cjlxvb2mn-box2d-2.3.1/include' '-isystem' '/nix/store/7xbnc8sjsrip8dn8q8dc65n4kxa1s3cx-gdb-13.1/include' '-isystem' '/nix/store/mk2dh1va00xkk2ri19jj4y77m22cjcnq-sfml-2.5.1/include' '-isystem' '/nix/store/ply2mi3mcb45qdyh2rmppj6cjlxvb2mn-box2d-2.3.1/include' '-isystem' '/nix/store/7xbnc8sjsrip8dn8q8dc65n4kxa1s3cx-gdb-13.1/include' '-mtune=generic' '-march=x86-64' '-dumpdir' 'CMakeFiles/cmTC_b9b93.dir/']
  ignore line: [ /nix/store/jgdz5wfqc6q6qhy17lsqnfpbkfi1fcar-gcc-12.2.0/libexec/gcc/x86_64-unknown-linux-gnu/12.2.0/cc1 -quiet -v -U _FORTIFY_SOURCE -D _FORTIFY_SOURCE=2 -idirafter /nix/store/linb70pgp53f0kygxm5wk163dx22d681-glibc-2.37-45-dev/include -idirafter /nix/store/jgdz5wfqc6q6qhy17lsqnfpbkfi1fcar-gcc-12.2.0/lib/gcc/x86_64-unknown-linux-gnu/12.2.0/include-fixed -isystem /nix/store/mk2dh1va00xkk2ri19jj4y77m22cjcnq-sfml-2.5.1/include -isystem /nix/store/ply2mi3mcb45qdyh2rmppj6cjlxvb2mn-box2d-2.3.1/include -isystem /nix/store/7xbnc8sjsrip8dn8q8dc65n4kxa1s3cx-gdb-13.1/include -isystem /nix/store/mk2dh1va00xkk2ri19jj4y77m22cjcnq-sfml-2.5.1/include -isystem /nix/store/ply2mi3mcb45qdyh2rmppj6cjlxvb2mn-box2d-2.3.1/include -isystem /nix/store/7xbnc8sjsrip8dn8q8dc65n4kxa1s3cx-gdb-13.1/include /nix/store/jzfa947q6wvkwmy7f3rnll66gzwv9m9s-cmake-3.25.3/share/cmake-3.25/Modules/CMakeCCompilerABI.c -quiet -dumpdir CMakeFiles/cmTC_b9b93.dir/ -dumpbase CMakeCCompilerABI.c.c -dumpbase-ext .c -mtune=generic -march=x86-64 -O2 -Wformat=1 -Wformat-security -Werror=format-security -version -fPIC -fstack-protector-strong -fno-strict-overflow -frandom-seed=46hvwiklwv --param=ssp-buffer-size=4 -o /run/user/1000/ccUQThuz.s]
  ignore line: [GNU C17 (GCC) version 12.2.0 (x86_64-unknown-linux-gnu)]
  ignore line: [	compiled by GNU C version 12.2.0  GMP version 6.2.1  MPFR version 4.2.0  MPC version 1.3.1  isl version isl-0.20-GMP]
  ignore line: []
  ignore line: [GGC heuristics: --param ggc-min-expand=100 --param ggc-min-heapsize=131072]
  ignore line: [ignoring duplicate directory "/nix/store/mk2dh1va00xkk2ri19jj4y77m22cjcnq-sfml-2.5.1/include"]
  ignore line: [ignoring duplicate directory "/nix/store/ply2mi3mcb45qdyh2rmppj6cjlxvb2mn-box2d-2.3.1/include"]
  ignore line: [ignoring duplicate directory "/nix/store/7xbnc8sjsrip8dn8q8dc65n4kxa1s3cx-gdb-13.1/include"]
  ignore line: [ignoring nonexistent directory "/nix/store/jgdz5wfqc6q6qhy17lsqnfpbkfi1fcar-gcc-12.2.0/lib/gcc/x86_64-unknown-linux-gnu/12.2.0/../../../../x86_64-unknown-linux-gnu/include"]
  ignore line: [ignoring duplicate directory "/nix/store/linb70pgp53f0kygxm5wk163dx22d681-glibc-2.37-45-dev/include"]
  ignore line: [ignoring duplicate directory "/nix/store/jgdz5wfqc6q6qhy17lsqnfpbkfi1fcar-gcc-12.2.0/lib/gcc/x86_64-unknown-linux-gnu/12.2.0/include-fixed"]
  ignore line: [#include "..." search starts here:]
  ignore line: [#include <...> search starts here:]
  ignore line: [ /nix/store/mk2dh1va00xkk2ri19jj4y77m22cjcnq-sfml-2.5.1/include]
  ignore line: [ /nix/store/ply2mi3mcb45qdyh2rmppj6cjlxvb2mn-box2d-2.3.1/include]
  ignore line: [ /nix/store/7xbnc8sjsrip8dn8q8dc65n4kxa1s3cx-gdb-13.1/include]
  ignore line: [ /nix/store/jgdz5wfqc6q6qhy17lsqnfpbkfi1fcar-gcc-12.2.0/lib/gcc/x86_64-unknown-linux-gnu/12.2.0/include]
  ignore line: [ /nix/store/jgdz5wfqc6q6qhy17lsqnfpbkfi1fcar-gcc-12.2.0/include]
  ignore line: [ /nix/store/jgdz5wfqc6q6qhy17lsqnfpbkfi1fcar-gcc-12.2.0/lib/gcc/x86_64-unknown-linux-gnu/12.2.0/include-fixed]
  ignore line: [ /nix/store/linb70pgp53f0kygxm5wk163dx22d681-glibc-2.37-45-dev/include]
  ignore line: [End of search list.]
  ignore line: [GNU C17 (GCC) version 12.2.0 (x86_64-unknown-linux-gnu)]
  ignore line: [	compiled by GNU C version 12.2.0  GMP version 6.2.1  MPFR version 4.2.0  MPC version 1.3.1  isl version isl-0.20-GMP]
  ignore line: []
  ignore line: [GGC heuristics: --param ggc-min-expand=100 --param ggc-min-heapsize=131072]
  ignore line: [Compiler executable checksum: d7dd40d3581f5a112f7fae9fa78a86e5]
  ignore line: [COLLECT_GCC_OPTIONS='-fPIC' '-Wformat=1' '-Wformat-security' '-Werror=format-security' '-fstack-protector-strong' '--param=ssp-buffer-size=4' '-O2' '-U' '_FORTIFY_SOURCE' '-D' '_FORTIFY_SOURCE=2' '-fno-strict-overflow' '-v' '-o' 'CMakeFiles/cmTC_b9b93.dir/CMakeCCompilerABI.c.o' '-c' '-B' '/nix/store/whypqfa83z4bsn43n4byvmw80n4mg3r8-glibc-2.37-45/lib/' '-idirafter' '/nix/store/linb70pgp53f0kygxm5wk163dx22d681-glibc-2.37-45-dev/include' '-idirafter' '/nix/store/jgdz5wfqc6q6qhy17lsqnfpbkfi1fcar-gcc-12.2.0/lib/gcc/x86_64-unknown-linux-gnu/12.2.0/include-fixed' '-B' '/nix/store/bmfc7mrr7kilf45wpfd60davjaqfmagv-gcc-12.2.0-lib/lib' '-B' '/nix/store/3hbxw05vfs6m1155xa6pvribs3bv777n-gcc-wrapper-12.2.0/bin/' '-frandom-seed=46hvwiklwv' '-isystem' '/nix/store/mk2dh1va00xkk2ri19jj4y77m22cjcnq-sfml-2.5.1/include' '-isystem' '/nix/store/ply2mi3mcb45qdyh2rmppj6cjlxvb2mn-box2d-2.3.1/include' '-isystem' '/nix/store/7xbnc8sjsrip8dn8q8dc65n4kxa1s3cx-gdb-13.1/include' '-isystem' '/nix/store/mk2dh1va00xkk2ri19jj4y77m22cjcnq-sfml-2.5.1/include' '-isystem' '/nix/store/ply2mi3mcb45qdyh2rmppj6cjlxvb2mn-box2d-2.3.1/include' '-isystem' '/nix/store/7xbnc8sjsrip8dn8q8dc65n4kxa1s3cx-gdb-13.1/include' '-mtune=generic' '-march=x86-64' '-dumpdir' 'CMakeFiles/cmTC_b9b93.dir/']
  ignore line: [ /nix/store/3hbxw05vfs6m1155xa6pvribs3bv777n-gcc-wrapper-12.2.0/bin/as -v --64 -o CMakeFiles/cmTC_b9b93.dir/CMakeCCompilerABI.c.o /run/user/1000/ccUQThuz.s]
  ignore line: [GNU assembler version 2.40 (x86_64-unknown-linux-gnu) using BFD version (GNU Binutils) 2.40]
  ignore line: [COMPILER_PATH=/nix/store/whypqfa83z4bsn43n4byvmw80n4mg3r8-glibc-2.37-45/lib/:/nix/store/bmfc7mrr7kilf45wpfd60davjaqfmagv-gcc-12.2.0-lib/lib/:/nix/store/3hbxw05vfs6m1155xa6pvribs3bv777n-gcc-wrapper-12.2.0/bin/:/nix/store/jgdz5wfqc6q6qhy17lsqnfpbkfi1fcar-gcc-12.2.0/libexec/gcc/x86_64-unknown-linux-gnu/12.2.0/:/nix/store/jgdz5wfqc6q6qhy17lsqnfpbkfi1fcar-gcc-12.2.0/libexec/gcc/x86_64-unknown-linux-gnu/12.2.0/:/nix/store/jgdz5wfqc6q6qhy17lsqnfpbkfi1fcar-gcc-12.2.0/libexec/gcc/x86_64-unknown-linux-gnu/:/nix/store/jgdz5wfqc6q6qhy17lsqnfpbkfi1fcar-gcc-12.2.0/lib/gcc/x86_64-unknown-linux-gnu/12.2.0/:/nix/store/jgdz5wfqc6q6qhy17lsqnfpbkfi1fcar-gcc-12.2.0/lib/gcc/x86_64-unknown-linux-gnu/]
  ignore line: [LIBRARY_PATH=/nix/store/whypqfa83z4bsn43n4byvmw80n4mg3r8-glibc-2.37-45/lib/:/nix/store/bmfc7mrr7kilf45wpfd60davjaqfmagv-gcc-12.2.0-lib/lib/:/nix/store/3hbxw05vfs6m1155xa6pvribs3bv777n-gcc-wrapper-12.2.0/bin/:/nix/store/jgdz5wfqc6q6qhy17lsqnfpbkfi1fcar-gcc-12.2.0/lib/gcc/x86_64-unknown-linux-gnu/12.2.0/:/nix/store/jgdz5wfqc6q6qhy17lsqnfpbkfi1fcar-gcc-12.2.0/lib/gcc/x86_64-unknown-linux-gnu/12.2.0/../../../../lib64/:/nix/store/jgdz5wfqc6q6qhy17lsqnfpbkfi1fcar-gcc-12.2.0/lib/gcc/x86_64-unknown-linux-gnu/12.2.0/../../../]
  ignore line: [COLLECT_GCC_OPTIONS='-fPIC' '-Wformat=1' '-Wformat-security' '-Werror=format-security' '-fstack-protector-strong' '--param=ssp-buffer-size=4' '-O2' '-U' '_FORTIFY_SOURCE' '-D' '_FORTIFY_SOURCE=2' '-fno-strict-overflow' '-v' '-o' 'CMakeFiles/cmTC_b9b93.dir/CMakeCCompilerABI.c.o' '-c' '-B' '/nix/store/whypqfa83z4bsn43n4byvmw80n4mg3r8-glibc-2.37-45/lib/' '-idirafter' '/nix/store/linb70pgp53f0kygxm5wk163dx22d681-glibc-2.37-45-dev/include' '-idirafter' '/nix/store/jgdz5wfqc6q6qhy17lsqnfpbkfi1fcar-gcc-12.2.0/lib/gcc/x86_64-unknown-linux-gnu/12.2.0/include-fixed' '-B' '/nix/store/bmfc7mrr7kilf45wpfd60davjaqfmagv-gcc-12.2.0-lib/lib' '-B' '/nix/store/3hbxw05vfs6m1155xa6pvribs3bv777n-gcc-wrapper-12.2.0/bin/' '-frandom-seed=46hvwiklwv' '-isystem' '/nix/store/mk2dh1va00xkk2ri19jj4y77m22cjcnq-sfml-2.5.1/include' '-isystem' '/nix/store/ply2mi3mcb45qdyh2rmppj6cjlxvb2mn-box2d-2.3.1/include' '-isystem' '/nix/store/7xbnc8sjsrip8dn8q8dc65n4kxa1s3cx-gdb-13.1/include' '-isystem' '/nix/store/mk2dh1va00xkk2ri19jj4y77m22cjcnq-sfml-2.5.1/include' '-isystem' '/nix/store/ply2mi3mcb45qdyh2rmppj6cjlxvb2mn-box2d-2.3.1/include' '-isystem' '/nix/store/7xbnc8sjsrip8dn8q8dc65n4kxa1s3cx-gdb-13.1/include' '-mtune=generic' '-march=x86-64' '-dumpdir' 'CMakeFiles/cmTC_b9b93.dir/CMakeCCompilerABI.c.']
  ignore line: [Linking C executable cmTC_b9b93]
  ignore line: [/nix/store/jzfa947q6wvkwmy7f3rnll66gzwv9m9s-cmake-3.25.3/bin/cmake -E cmake_link_script CMakeFiles/cmTC_b9b93.dir/link.txt --verbose=1]
  ignore line: [/nix/store/3hbxw05vfs6m1155xa6pvribs3bv777n-gcc-wrapper-12.2.0/bin/gcc  -v -rdynamic CMakeFiles/cmTC_b9b93.dir/CMakeCCompilerABI.c.o -o cmTC_b9b93 ]
  ignore line: [Using built-in specs.]
  ignore line: [COLLECT_GCC=/nix/store/jgdz5wfqc6q6qhy17lsqnfpbkfi1fcar-gcc-12.2.0/bin/gcc]
  ignore line: [COLLECT_LTO_WRAPPER=/nix/store/jgdz5wfqc6q6qhy17lsqnfpbkfi1fcar-gcc-12.2.0/libexec/gcc/x86_64-unknown-linux-gnu/12.2.0/lto-wrapper]
  ignore line: [Target: x86_64-unknown-linux-gnu]
  ignore line: [Configured with: ]
  ignore line: [Thread model: posix]
  ignore line: [Supported LTO compression algorithms: zlib]
  ignore line: [gcc version 12.2.0 (GCC) ]
  ignore line: [COMPILER_PATH=/nix/store/whypqfa83z4bsn43n4byvmw80n4mg3r8-glibc-2.37-45/lib/:/nix/store/bmfc7mrr7kilf45wpfd60davjaqfmagv-gcc-12.2.0-lib/lib/:/nix/store/3hbxw05vfs6m1155xa6pvribs3bv777n-gcc-wrapper-12.2.0/bin/:/nix/store/jgdz5wfqc6q6qhy17lsqnfpbkfi1fcar-gcc-12.2.0/libexec/gcc/x86_64-unknown-linux-gnu/12.2.0/:/nix/store/jgdz5wfqc6q6qhy17lsqnfpbkfi1fcar-gcc-12.2.0/libexec/gcc/x86_64-unknown-linux-gnu/12.2.0/:/nix/store/jgdz5wfqc6q6qhy17lsqnfpbkfi1fcar-gcc-12.2.0/libexec/gcc/x86_64-unknown-linux-gnu/:/nix/store/jgdz5wfqc6q6qhy17lsqnfpbkfi1fcar-gcc-12.2.0/lib/gcc/x86_64-unknown-linux-gnu/12.2.0/:/nix/store/jgdz5wfqc6q6qhy17lsqnfpbkfi1fcar-gcc-12.2.0/lib/gcc/x86_64-unknown-linux-gnu/]
  ignore line: [LIBRARY_PATH=/nix/store/whypqfa83z4bsn43n4byvmw80n4mg3r8-glibc-2.37-45/lib/:/nix/store/bmfc7mrr7kilf45wpfd60davjaqfmagv-gcc-12.2.0-lib/lib/:/nix/store/3hbxw05vfs6m1155xa6pvribs3bv777n-gcc-wrapper-12.2.0/bin/:/nix/store/jgdz5wfqc6q6qhy17lsqnfpbkfi1fcar-gcc-12.2.0/lib/gcc/x86_64-unknown-linux-gnu/12.2.0/:/nix/store/jgdz5wfqc6q6qhy17lsqnfpbkfi1fcar-gcc-12.2.0/lib/gcc/x86_64-unknown-linux-gnu/12.2.0/../../../../lib64/:/nix/store/jgdz5wfqc6q6qhy17lsqnfpbkfi1fcar-gcc-12.2.0/lib/gcc/x86_64-unknown-linux-gnu/12.2.0/../../../]
  ignore line: [COLLECT_GCC_OPTIONS='-fPIC' '-Wformat=1' '-Wformat-security' '-Werror=format-security' '-fstack-protector-strong' '--param=ssp-buffer-size=4' '-O2' '-U' '_FORTIFY_SOURCE' '-D' '_FORTIFY_SOURCE=2' '-fno-strict-overflow' '-v' '-rdynamic' '-o' 'cmTC_b9b93' '-B' '/nix/store/whypqfa83z4bsn43n4byvmw80n4mg3r8-glibc-2.37-45/lib/' '-idirafter' '/nix/store/linb70pgp53f0kygxm5wk163dx22d681-glibc-2.37-45-dev/include' '-idirafter' '/nix/store/jgdz5wfqc6q6qhy17lsqnfpbkfi1fcar-gcc-12.2.0/lib/gcc/x86_64-unknown-linux-gnu/12.2.0/include-fixed' '-B' '/nix/store/bmfc7mrr7kilf45wpfd60davjaqfmagv-gcc-12.2.0-lib/lib' '-B' '/nix/store/3hbxw05vfs6m1155xa6pvribs3bv777n-gcc-wrapper-12.2.0/bin/' '-frandom-seed=46hvwiklwv' '-isystem' '/nix/store/mk2dh1va00xkk2ri19jj4y77m22cjcnq-sfml-2.5.1/include' '-isystem' '/nix/store/ply2mi3mcb45qdyh2rmppj6cjlxvb2mn-box2d-2.3.1/include' '-isystem' '/nix/store/7xbnc8sjsrip8dn8q8dc65n4kxa1s3cx-gdb-13.1/include' '-isystem' '/nix/store/mk2dh1va00xkk2ri19jj4y77m22cjcnq-sfml-2.5.1/include' '-isystem' '/nix/store/ply2mi3mcb45qdyh2rmppj6cjlxvb2mn-box2d-2.3.1/include' '-isystem' '/nix/store/7xbnc8sjsrip8dn8q8dc65n4kxa1s3cx-gdb-13.1/include' '-L/nix/store/mk2dh1va00xkk2ri19jj4y77m22cjcnq-sfml-2.5.1/lib' '-L/nix/store/ply2mi3mcb45qdyh2rmppj6cjlxvb2mn-box2d-2.3.1/lib' '-L/nix/store/7xbnc8sjsrip8dn8q8dc65n4kxa1s3cx-gdb-13.1/lib' '-L/nix/store/mk2dh1va00xkk2ri19jj4y77m22cjcnq-sfml-2.5.1/lib' '-L/nix/store/ply2mi3mcb45qdyh2rmppj6cjlxvb2mn-box2d-2.3.1/lib' '-L/nix/store/7xbnc8sjsrip8dn8q8dc65n4kxa1s3cx-gdb-13.1/lib' '-L/nix/store/whypqfa83z4bsn43n4byvmw80n4mg3r8-glibc-2.37-45/lib' '-L/nix/store/jgdz5wfqc6q6qhy17lsqnfpbkfi1fcar-gcc-12.2.0/lib/gcc/x86_64-unknown-linux-gnu/12.2.0' '-L/nix/store/bmfc7mrr7kilf45wpfd60davjaqfmagv-gcc-12.2.0-lib/x86_64-unknown-linux-gnu/lib' '-L/nix/store/bmfc7mrr7kilf45wpfd60davjaqfmagv-gcc-12.2.0-lib/lib' '-mtune=generic' '-march=x86-64' '-dumpdir' 'cmTC_b9b93.']
  link line: [ /nix/store/jgdz5wfqc6q6qhy17lsqnfpbkfi1fcar-gcc-12.2.0/libexec/gcc/x86_64-unknown-linux-gnu/12.2.0/collect2 -plugin /nix/store/jgdz5wfqc6q6qhy17lsqnfpbkfi1fcar-gcc-12.2.0/libexec/gcc/x86_64-unknown-linux-gnu/12.2.0/liblto_plugin.so -plugin-opt=/nix/store/jgdz5wfqc6q6qhy17lsqnfpbkfi1fcar-gcc-12.2.0/libexec/gcc/x86_64-unknown-linux-gnu/12.2.0/lto-wrapper -plugin-opt=-fresolution=/run/user/1000/ccyQPjYE.res -plugin-opt=-pass-through=-lgcc -plugin-opt=-pass-through=-lgcc_s -plugin-opt=-pass-through=-lc -plugin-opt=-pass-through=-lgcc -plugin-opt=-pass-through=-lgcc_s --eh-frame-hdr -m elf_x86_64 -export-dynamic -dynamic-linker /nix/store/whypqfa83z4bsn43n4byvmw80n4mg3r8-glibc-2.37-45/lib64/ld-linux-x86-64.so.2 -o cmTC_b9b93 /nix/store/whypqfa83z4bsn43n4byvmw80n4mg3r8-glibc-2.37-45/lib/crt1.o /nix/store/whypqfa83z4bsn43n4byvmw80n4mg3r8-glibc-2.37-45/lib/crti.o /nix/store/jgdz5wfqc6q6qhy17lsqnfpbkfi1fcar-gcc-12.2.0/lib/gcc/x86_64-unknown-linux-gnu/12.2.0/crtbegin.o -L/nix/store/mk2dh1va00xkk2ri19jj4y77m22cjcnq-sfml-2.5.1/lib -L/nix/store/ply2mi3mcb45qdyh2rmppj6cjlxvb2mn-box2d-2.3.1/lib -L/nix/store/7xbnc8sjsrip8dn8q8dc65n4kxa1s3cx-gdb-13.1/lib -L/nix/store/mk2dh1va00xkk2ri19jj4y77m22cjcnq-sfml-2.5.1/lib -L/nix/store/ply2mi3mcb45qdyh2rmppj6cjlxvb2mn-box2d-2.3.1/lib -L/nix/store/7xbnc8sjsrip8dn8q8dc65n4kxa1s3cx-gdb-13.1/lib -L/nix/store/whypqfa83z4bsn43n4byvmw80n4mg3r8-glibc-2.37-45/lib -L/nix/store/jgdz5wfqc6q6qhy17lsqnfpbkfi1fcar-gcc-12.2.0/lib/gcc/x86_64-unknown-linux-gnu/12.2.0 -L/nix/store/bmfc7mrr7kilf45wpfd60davjaqfmagv-gcc-12.2.0-lib/x86_64-unknown-linux-gnu/lib -L/nix/store/bmfc7mrr7kilf45wpfd60davjaqfmagv-gcc-12.2.0-lib/lib -L/nix/store/whypqfa83z4bsn43n4byvmw80n4mg3r8-glibc-2.37-45/lib -L/nix/store/bmfc7mrr7kilf45wpfd60davjaqfmagv-gcc-12.2.0-lib/lib -L/nix/store/3hbxw05vfs6m1155xa6pvribs3bv777n-gcc-wrapper-12.2.0/bin -L/nix/store/jgdz5wfqc6q6qhy17lsqnfpbkfi1fcar-gcc-12.2.0/lib/gcc/x86_64-unknown-linux-gnu/12.2.0 -L/nix/store/jgdz5wfqc6q6qhy17lsqnfpbkfi1fcar-gcc-12.2.0/lib/gcc/x86_64-unknown-linux-gnu/12.2.0/../../../../lib64 -L/nix/store/jgdz5wfqc6q6qhy17lsqnfpbkfi1fcar-gcc-12.2.0/lib/gcc/x86_64-unknown-linux-gnu/12.2.0/../../.. -dynamic-linker=/nix/store/whypqfa83z4bsn43n4byvmw80n4mg3r8-glibc-2.37-45/lib/ld-linux-x86-64.so.2 CMakeFiles/cmTC_b9b93.dir/CMakeCCompilerABI.c.o -rpath /nix/store/46hvwiklwv9vj0wz0xnnw86xj0hc3vai-nix-shell/lib64 -rpath /nix/store/46hvwiklwv9vj0wz0xnnw86xj0hc3vai-nix-shell/lib -lgcc --push-state --as-needed -lgcc_s --pop-state -lc -lgcc --push-state --as-needed -lgcc_s --pop-state /nix/store/jgdz5wfqc6q6qhy17lsqnfpbkfi1fcar-gcc-12.2.0/lib/gcc/x86_64-unknown-linux-gnu/12.2.0/crtend.o /nix/store/whypqfa83z4bsn43n4byvmw80n4mg3r8-glibc-2.37-45/lib/crtn.o]
    arg [/nix/store/jgdz5wfqc6q6qhy17lsqnfpbkfi1fcar-gcc-12.2.0/libexec/gcc/x86_64-unknown-linux-gnu/12.2.0/collect2] ==> ignore
    arg [-plugin] ==> ignore
    arg [/nix/store/jgdz5wfqc6q6qhy17lsqnfpbkfi1fcar-gcc-12.2.0/libexec/gcc/x86_64-unknown-linux-gnu/12.2.0/liblto_plugin.so] ==> ignore
    arg [-plugin-opt=/nix/store/jgdz5wfqc6q6qhy17lsqnfpbkfi1fcar-gcc-12.2.0/libexec/gcc/x86_64-unknown-linux-gnu/12.2.0/lto-wrapper] ==> ignore
    arg [-plugin-opt=-fresolution=/run/user/1000/ccyQPjYE.res] ==> ignore
    arg [-plugin-opt=-pass-through=-lgcc] ==> ignore
    arg [-plugin-opt=-pass-through=-lgcc_s] ==> ignore
    arg [-plugin-opt=-pass-through=-lc] ==> ignore
    arg [-plugin-opt=-pass-through=-lgcc] ==> ignore
    arg [-plugin-opt=-pass-through=-lgcc_s] ==> ignore
    arg [--eh-frame-hdr] ==> ignore
    arg [-m] ==> ignore
    arg [elf_x86_64] ==> ignore
    arg [-export-dynamic] ==> ignore
    arg [-dynamic-linker] ==> ignore
    arg [/nix/store/whypqfa83z4bsn43n4byvmw80n4mg3r8-glibc-2.37-45/lib64/ld-linux-x86-64.so.2] ==> ignore
    arg [-o] ==> ignore
    arg [cmTC_b9b93] ==> ignore
    arg [/nix/store/whypqfa83z4bsn43n4byvmw80n4mg3r8-glibc-2.37-45/lib/crt1.o] ==> obj [/nix/store/whypqfa83z4bsn43n4byvmw80n4mg3r8-glibc-2.37-45/lib/crt1.o]
    arg [/nix/store/whypqfa83z4bsn43n4byvmw80n4mg3r8-glibc-2.37-45/lib/crti.o] ==> obj [/nix/store/whypqfa83z4bsn43n4byvmw80n4mg3r8-glibc-2.37-45/lib/crti.o]
    arg [/nix/store/jgdz5wfqc6q6qhy17lsqnfpbkfi1fcar-gcc-12.2.0/lib/gcc/x86_64-unknown-linux-gnu/12.2.0/crtbegin.o] ==> obj [/nix/store/jgdz5wfqc6q6qhy17lsqnfpbkfi1fcar-gcc-12.2.0/lib/gcc/x86_64-unknown-linux-gnu/12.2.0/crtbegin.o]
    arg [-L/nix/store/mk2dh1va00xkk2ri19jj4y77m22cjcnq-sfml-2.5.1/lib] ==> dir [/nix/store/mk2dh1va00xkk2ri19jj4y77m22cjcnq-sfml-2.5.1/lib]
    arg [-L/nix/store/ply2mi3mcb45qdyh2rmppj6cjlxvb2mn-box2d-2.3.1/lib] ==> dir [/nix/store/ply2mi3mcb45qdyh2rmppj6cjlxvb2mn-box2d-2.3.1/lib]
    arg [-L/nix/store/7xbnc8sjsrip8dn8q8dc65n4kxa1s3cx-gdb-13.1/lib] ==> dir [/nix/store/7xbnc8sjsrip8dn8q8dc65n4kxa1s3cx-gdb-13.1/lib]
    arg [-L/nix/store/mk2dh1va00xkk2ri19jj4y77m22cjcnq-sfml-2.5.1/lib] ==> dir [/nix/store/mk2dh1va00xkk2ri19jj4y77m22cjcnq-sfml-2.5.1/lib]
    arg [-L/nix/store/ply2mi3mcb45qdyh2rmppj6cjlxvb2mn-box2d-2.3.1/lib] ==> dir [/nix/store/ply2mi3mcb45qdyh2rmppj6cjlxvb2mn-box2d-2.3.1/lib]
    arg [-L/nix/store/7xbnc8sjsrip8dn8q8dc65n4kxa1s3cx-gdb-13.1/lib] ==> dir [/nix/store/7xbnc8sjsrip8dn8q8dc65n4kxa1s3cx-gdb-13.1/lib]
    arg [-L/nix/store/whypqfa83z4bsn43n4byvmw80n4mg3r8-glibc-2.37-45/lib] ==> dir [/nix/store/whypqfa83z4bsn43n4byvmw80n4mg3r8-glibc-2.37-45/lib]
    arg [-L/nix/store/jgdz5wfqc6q6qhy17lsqnfpbkfi1fcar-gcc-12.2.0/lib/gcc/x86_64-unknown-linux-gnu/12.2.0] ==> dir [/nix/store/jgdz5wfqc6q6qhy17lsqnfpbkfi1fcar-gcc-12.2.0/lib/gcc/x86_64-unknown-linux-gnu/12.2.0]
    arg [-L/nix/store/bmfc7mrr7kilf45wpfd60davjaqfmagv-gcc-12.2.0-lib/x86_64-unknown-linux-gnu/lib] ==> dir [/nix/store/bmfc7mrr7kilf45wpfd60davjaqfmagv-gcc-12.2.0-lib/x86_64-unknown-linux-gnu/lib]
    arg [-L/nix/store/bmfc7mrr7kilf45wpfd60davjaqfmagv-gcc-12.2.0-lib/lib] ==> dir [/nix/store/bmfc7mrr7kilf45wpfd60davjaqfmagv-gcc-12.2.0-lib/lib]
    arg [-L/nix/store/whypqfa83z4bsn43n4byvmw80n4mg3r8-glibc-2.37-45/lib] ==> dir [/nix/store/whypqfa83z4bsn43n4byvmw80n4mg3r8-glibc-2.37-45/lib]
    arg [-L/nix/store/bmfc7mrr7kilf45wpfd60davjaqfmagv-gcc-12.2.0-lib/lib] ==> dir [/nix/store/bmfc7mrr7kilf45wpfd60davjaqfmagv-gcc-12.2.0-lib/lib]
    arg [-L/nix/store/3hbxw05vfs6m1155xa6pvribs3bv777n-gcc-wrapper-12.2.0/bin] ==> dir [/nix/store/3hbxw05vfs6m1155xa6pvribs3bv777n-gcc-wrapper-12.2.0/bin]
    arg [-L/nix/store/jgdz5wfqc6q6qhy17lsqnfpbkfi1fcar-gcc-12.2.0/lib/gcc/x86_64-unknown-linux-gnu/12.2.0] ==> dir [/nix/store/jgdz5wfqc6q6qhy17lsqnfpbkfi1fcar-gcc-12.2.0/lib/gcc/x86_64-unknown-linux-gnu/12.2.0]
    arg [-L/nix/store/jgdz5wfqc6q6qhy17lsqnfpbkfi1fcar-gcc-12.2.0/lib/gcc/x86_64-unknown-linux-gnu/12.2.0/../../../../lib64] ==> dir [/nix/store/jgdz5wfqc6q6qhy17lsqnfpbkfi1fcar-gcc-12.2.0/lib/gcc/x86_64-unknown-linux-gnu/12.2.0/../../../../lib64]
    arg [-L/nix/store/jgdz5wfqc6q6qhy17lsqnfpbkfi1fcar-gcc-12.2.0/lib/gcc/x86_64-unknown-linux-gnu/12.2.0/../../..] ==> dir [/nix/store/jgdz5wfqc6q6qhy17lsqnfpbkfi1fcar-gcc-12.2.0/lib/gcc/x86_64-unknown-linux-gnu/12.2.0/../../..]
    arg [-dynamic-linker=/nix/store/whypqfa83z4bsn43n4byvmw80n4mg3r8-glibc-2.37-45/lib/ld-linux-x86-64.so.2] ==> ignore
    arg [CMakeFiles/cmTC_b9b93.dir/CMakeCCompilerABI.c.o] ==> ignore
    arg [-rpath] ==> ignore
    arg [/nix/store/46hvwiklwv9vj0wz0xnnw86xj0hc3vai-nix-shell/lib64] ==> ignore
    arg [-rpath] ==> ignore
    arg [/nix/store/46hvwiklwv9vj0wz0xnnw86xj0hc3vai-nix-shell/lib] ==> ignore
    arg [-lgcc] ==> lib [gcc]
    arg [--push-state] ==> ignore
    arg [--as-needed] ==> ignore
    arg [-lgcc_s] ==> lib [gcc_s]
    arg [--pop-state] ==> ignore
    arg [-lc] ==> lib [c]
    arg [-lgcc] ==> lib [gcc]
    arg [--push-state] ==> ignore
    arg [--as-needed] ==> ignore
    arg [-lgcc_s] ==> lib [gcc_s]
    arg [--pop-state] ==> ignore
    arg [/nix/store/jgdz5wfqc6q6qhy17lsqnfpbkfi1fcar-gcc-12.2.0/lib/gcc/x86_64-unknown-linux-gnu/12.2.0/crtend.o] ==> obj [/nix/store/jgdz5wfqc6q6qhy17lsqnfpbkfi1fcar-gcc-12.2.0/lib/gcc/x86_64-unknown-linux-gnu/12.2.0/crtend.o]
    arg [/nix/store/whypqfa83z4bsn43n4byvmw80n4mg3r8-glibc-2.37-45/lib/crtn.o] ==> obj [/nix/store/whypqfa83z4bsn43n4byvmw80n4mg3r8-glibc-2.37-45/lib/crtn.o]
  collapse library dir [/nix/store/mk2dh1va00xkk2ri19jj4y77m22cjcnq-sfml-2.5.1/lib] ==> [/nix/store/mk2dh1va00xkk2ri19jj4y77m22cjcnq-sfml-2.5.1/lib]
  collapse library dir [/nix/store/ply2mi3mcb45qdyh2rmppj6cjlxvb2mn-box2d-2.3.1/lib] ==> [/nix/store/ply2mi3mcb45qdyh2rmppj6cjlxvb2mn-box2d-2.3.1/lib]
  collapse library dir [/nix/store/7xbnc8sjsrip8dn8q8dc65n4kxa1s3cx-gdb-13.1/lib] ==> [/nix/store/7xbnc8sjsrip8dn8q8dc65n4kxa1s3cx-gdb-13.1/lib]
  collapse library dir [/nix/store/mk2dh1va00xkk2ri19jj4y77m22cjcnq-sfml-2.5.1/lib] ==> [/nix/store/mk2dh1va00xkk2ri19jj4y77m22cjcnq-sfml-2.5.1/lib]
  collapse library dir [/nix/store/ply2mi3mcb45qdyh2rmppj6cjlxvb2mn-box2d-2.3.1/lib] ==> [/nix/store/ply2mi3mcb45qdyh2rmppj6cjlxvb2mn-box2d-2.3.1/lib]
  collapse library dir [/nix/store/7xbnc8sjsrip8dn8q8dc65n4kxa1s3cx-gdb-13.1/lib] ==> [/nix/store/7xbnc8sjsrip8dn8q8dc65n4kxa1s3cx-gdb-13.1/lib]
  collapse library dir [/nix/store/whypqfa83z4bsn43n4byvmw80n4mg3r8-glibc-2.37-45/lib] ==> [/nix/store/whypqfa83z4bsn43n4byvmw80n4mg3r8-glibc-2.37-45/lib]
  collapse library dir [/nix/store/jgdz5wfqc6q6qhy17lsqnfpbkfi1fcar-gcc-12.2.0/lib/gcc/x86_64-unknown-linux-gnu/12.2.0] ==> [/nix/store/jgdz5wfqc6q6qhy17lsqnfpbkfi1fcar-gcc-12.2.0/lib/gcc/x86_64-unknown-linux-gnu/12.2.0]
  collapse library dir [/nix/store/bmfc7mrr7kilf45wpfd60davjaqfmagv-gcc-12.2.0-lib/x86_64-unknown-linux-gnu/lib] ==> [/nix/store/bmfc7mrr7kilf45wpfd60davjaqfmagv-gcc-12.2.0-lib/x86_64-unknown-linux-gnu/lib]
  collapse library dir [/nix/store/bmfc7mrr7kilf45wpfd60davjaqfmagv-gcc-12.2.0-lib/lib] ==> [/nix/store/bmfc7mrr7kilf45wpfd60davjaqfmagv-gcc-12.2.0-lib/lib]
  collapse library dir [/nix/store/whypqfa83z4bsn43n4byvmw80n4mg3r8-glibc-2.37-45/lib] ==> [/nix/store/whypqfa83z4bsn43n4byvmw80n4mg3r8-glibc-2.37-45/lib]
  collapse library dir [/nix/store/bmfc7mrr7kilf45wpfd60davjaqfmagv-gcc-12.2.0-lib/lib] ==> [/nix/store/bmfc7mrr7kilf45wpfd60davjaqfmagv-gcc-12.2.0-lib/lib]
  collapse library dir [/nix/store/3hbxw05vfs6m1155xa6pvribs3bv777n-gcc-wrapper-12.2.0/bin] ==> [/nix/store/3hbxw05vfs6m1155xa6pvribs3bv777n-gcc-wrapper-12.2.0/bin]
  collapse library dir [/nix/store/jgdz5wfqc6q6qhy17lsqnfpbkfi1fcar-gcc-12.2.0/lib/gcc/x86_64-unknown-linux-gnu/12.2.0] ==> [/nix/store/jgdz5wfqc6q6qhy17lsqnfpbkfi1fcar-gcc-12.2.0/lib/gcc/x86_64-unknown-linux-gnu/12.2.0]
  collapse library dir [/nix/store/jgdz5wfqc6q6qhy17lsqnfpbkfi1fcar-gcc-12.2.0/lib/gcc/x86_64-unknown-linux-gnu/12.2.0/../../../../lib64] ==> [/nix/store/jgdz5wfqc6q6qhy17lsqnfpbkfi1fcar-gcc-12.2.0/lib64]
  collapse library dir [/nix/store/jgdz5wfqc6q6qhy17lsqnfpbkfi1fcar-gcc-12.2.0/lib/gcc/x86_64-unknown-linux-gnu/12.2.0/../../..] ==> [/nix/store/jgdz5wfqc6q6qhy17lsqnfpbkfi1fcar-gcc-12.2.0/lib]
  implicit libs: [gcc;gcc_s;c;gcc;gcc_s]
  implicit objs: [/nix/store/whypqfa83z4bsn43n4byvmw80n4mg3r8-glibc-2.37-45/lib/crt1.o;/nix/store/whypqfa83z4bsn43n4byvmw80n4mg3r8-glibc-2.37-45/lib/crti.o;/nix/store/jgdz5wfqc6q6qhy17lsqnfpbkfi1fcar-gcc-12.2.0/lib/gcc/x86_64-unknown-linux-gnu/12.2.0/crtbegin.o;/nix/store/jgdz5wfqc6q6qhy17lsqnfpbkfi1fcar-gcc-12.2.0/lib/gcc/x86_64-unknown-linux-gnu/12.2.0/crtend.o;/nix/store/whypqfa83z4bsn43n4byvmw80n4mg3r8-glibc-2.37-45/lib/crtn.o]
  implicit dirs: [/nix/store/mk2dh1va00xkk2ri19jj4y77m22cjcnq-sfml-2.5.1/lib;/nix/store/ply2mi3mcb45qdyh2rmppj6cjlxvb2mn-box2d-2.3.1/lib;/nix/store/7xbnc8sjsrip8dn8q8dc65n4kxa1s3cx-gdb-13.1/lib;/nix/store/whypqfa83z4bsn43n4byvmw80n4mg3r8-glibc-2.37-45/lib;/nix/store/jgdz5wfqc6q6qhy17lsqnfpbkfi1fcar-gcc-12.2.0/lib/gcc/x86_64-unknown-linux-gnu/12.2.0;/nix/store/bmfc7mrr7kilf45wpfd60davjaqfmagv-gcc-12.2.0-lib/x86_64-unknown-linux-gnu/lib;/nix/store/bmfc7mrr7kilf45wpfd60davjaqfmagv-gcc-12.2.0-lib/lib;/nix/store/3hbxw05vfs6m1155xa6pvribs3bv777n-gcc-wrapper-12.2.0/bin;/nix/store/jgdz5wfqc6q6qhy17lsqnfpbkfi1fcar-gcc-12.2.0/lib64;/nix/store/jgdz5wfqc6q6qhy17lsqnfpbkfi1fcar-gcc-12.2.0/lib]
  implicit fwks: []


Detecting CXX compiler ABI info compiled with the following output:
Change Dir: /home/daily/Projects/pong/build/CMakeFiles/CMakeScratch/TryCompile-B0W3XR

Run Build Command(s):/nix/store/qlcm8dzsaa6wyycmx7in8rz6x3pzf6zf-gnumake-4.4.1/bin/make -f Makefile cmTC_fc027/fast && /nix/store/qlcm8dzsaa6wyycmx7in8rz6x3pzf6zf-gnumake-4.4.1/bin/make  -f CMakeFiles/cmTC_fc027.dir/build.make CMakeFiles/cmTC_fc027.dir/build
make[1]: Entering directory '/home/daily/Projects/pong/build/CMakeFiles/CMakeScratch/TryCompile-B0W3XR'
Building CXX object CMakeFiles/cmTC_fc027.dir/CMakeCXXCompilerABI.cpp.o
/nix/store/3hbxw05vfs6m1155xa6pvribs3bv777n-gcc-wrapper-12.2.0/bin/g++   -v -o CMakeFiles/cmTC_fc027.dir/CMakeCXXCompilerABI.cpp.o -c /nix/store/jzfa947q6wvkwmy7f3rnll66gzwv9m9s-cmake-3.25.3/share/cmake-3.25/Modules/CMakeCXXCompilerABI.cpp
Using built-in specs.
COLLECT_GCC=/nix/store/jgdz5wfqc6q6qhy17lsqnfpbkfi1fcar-gcc-12.2.0/bin/g++
Target: x86_64-unknown-linux-gnu
Configured with: 
Thread model: posix
Supported LTO compression algorithms: zlib
gcc version 12.2.0 (GCC) 
COLLECT_GCC_OPTIONS='-fPIC' '-Wformat=1' '-Wformat-security' '-Werror=format-security' '-fstack-protector-strong' '--param=ssp-buffer-size=4' '-O2' '-U' '_FORTIFY_SOURCE' '-D' '_FORTIFY_SOURCE=2' '-fno-strict-overflow' '-v' '-o' 'CMakeFiles/cmTC_fc027.dir/CMakeCXXCompilerABI.cpp.o' '-c' '-B' '/nix/store/whypqfa83z4bsn43n4byvmw80n4mg3r8-glibc-2.37-45/lib/' '-idirafter' '/nix/store/linb70pgp53f0kygxm5wk163dx22d681-glibc-2.37-45-dev/include' '-idirafter' '/nix/store/jgdz5wfqc6q6qhy17lsqnfpbkfi1fcar-gcc-12.2.0/lib/gcc/x86_64-unknown-linux-gnu/12.2.0/include-fixed' '-B' '/nix/store/bmfc7mrr7kilf45wpfd60davjaqfmagv-gcc-12.2.0-lib/lib' '-B' '/nix/store/3hbxw05vfs6m1155xa6pvribs3bv777n-gcc-wrapper-12.2.0/bin/' '-frandom-seed=46hvwiklwv' '-isystem' '/nix/store/mk2dh1va00xkk2ri19jj4y77m22cjcnq-sfml-2.5.1/include' '-isystem' '/nix/store/ply2mi3mcb45qdyh2rmppj6cjlxvb2mn-box2d-2.3.1/include' '-isystem' '/nix/store/7xbnc8sjsrip8dn8q8dc65n4kxa1s3cx-gdb-13.1/include' '-isystem' '/nix/store/mk2dh1va00xkk2ri19jj4y77m22cjcnq-sfml-2.5.1/include' '-isystem' '/nix/store/ply2mi3mcb45qdyh2rmppj6cjlxvb2mn-box2d-2.3.1/include' '-isystem' '/nix/store/7xbnc8sjsrip8dn8q8dc65n4kxa1s3cx-gdb-13.1/include' '-shared-libgcc' '-mtune=generic' '-march=x86-64' '-dumpdir' 'CMakeFiles/cmTC_fc027.dir/'
 /nix/store/jgdz5wfqc6q6qhy17lsqnfpbkfi1fcar-gcc-12.2.0/libexec/gcc/x86_64-unknown-linux-gnu/12.2.0/cc1plus -quiet -v -D_GNU_SOURCE -U _FORTIFY_SOURCE -D _FORTIFY_SOURCE=2 -idirafter /nix/store/linb70pgp53f0kygxm5wk163dx22d681-glibc-2.37-45-dev/include -idirafter /nix/store/jgdz5wfqc6q6qhy17lsqnfpbkfi1fcar-gcc-12.2.0/lib/gcc/x86_64-unknown-linux-gnu/12.2.0/include-fixed -isystem /nix/store/mk2dh1va00xkk2ri19jj4y77m22cjcnq-sfml-2.5.1/include -isystem /nix/store/ply2mi3mcb45qdyh2rmppj6cjlxvb2mn-box2d-2.3.1/include -isystem /nix/store/7xbnc8sjsrip8dn8q8dc65n4kxa1s3cx-gdb-13.1/include -isystem /nix/store/mk2dh1va00xkk2ri19jj4y77m22cjcnq-sfml-2.5.1/include -isystem /nix/store/ply2mi3mcb45qdyh2rmppj6cjlxvb2mn-box2d-2.3.1/include -isystem /nix/store/7xbnc8sjsrip8dn8q8dc65n4kxa1s3cx-gdb-13.1/include /nix/store/jzfa947q6wvkwmy7f3rnll66gzwv9m9s-cmake-3.25.3/share/cmake-3.25/Modules/CMakeCXXCompilerABI.cpp -quiet -dumpdir CMakeFiles/cmTC_fc027.dir/ -dumpbase CMakeCXXCompilerABI.cpp.cpp -dumpbase-ext .cpp -mtune=generic -march=x86-64 -O2 -Wformat=1 -Wformat-security -Werror=format-security -version -fPIC -fstack-protector-strong -fno-strict-overflow -frandom-seed=46hvwiklwv --param=ssp-buffer-size=4 -o /run/user/1000/ccAzA8GU.s
GNU C++17 (GCC) version 12.2.0 (x86_64-unknown-linux-gnu)
	compiled by GNU C version 12.2.0, GMP version 6.2.1, MPFR version 4.2.0, MPC version 1.3.1, isl version isl-0.20-GMP

GGC heuristics: --param ggc-min-expand=100 --param ggc-min-heapsize=131072
ignoring duplicate directory "/nix/store/mk2dh1va00xkk2ri19jj4y77m22cjcnq-sfml-2.5.1/include"
ignoring duplicate directory "/nix/store/ply2mi3mcb45qdyh2rmppj6cjlxvb2mn-box2d-2.3.1/include"
ignoring duplicate directory "/nix/store/7xbnc8sjsrip8dn8q8dc65n4kxa1s3cx-gdb-13.1/include"
ignoring nonexistent directory "/nix/store/jgdz5wfqc6q6qhy17lsqnfpbkfi1fcar-gcc-12.2.0/lib/gcc/x86_64-unknown-linux-gnu/12.2.0/../../../../x86_64-unknown-linux-gnu/include"
ignoring duplicate directory "/nix/store/linb70pgp53f0kygxm5wk163dx22d681-glibc-2.37-45-dev/include"
ignoring duplicate directory "/nix/store/jgdz5wfqc6q6qhy17lsqnfpbkfi1fcar-gcc-12.2.0/lib/gcc/x86_64-unknown-linux-gnu/12.2.0/include-fixed"
#include "..." search starts here:
#include <...> search starts here:
 /nix/store/mk2dh1va00xkk2ri19jj4y77m22cjcnq-sfml-2.5.1/include
 /nix/store/ply2mi3mcb45qdyh2rmppj6cjlxvb2mn-box2d-2.3.1/include
 /nix/store/7xbnc8sjsrip8dn8q8dc65n4kxa1s3cx-gdb-13.1/include
 /nix/store/jgdz5wfqc6q6qhy17lsqnfpbkfi1fcar-gcc-12.2.0/lib/gcc/x86_64-unknown-linux-gnu/12.2.0/../../../../include/c++/12.2.0
 /nix/store/jgdz5wfqc6q6qhy17lsqnfpbkfi1fcar-gcc-12.2.0/lib/gcc/x86_64-unknown-linux-gnu/12.2.0/../../../../include/c++/12.2.0/x86_64-unknown-linux-gnu
 /nix/store/jgdz5wfqc6q6qhy17lsqnfpbkfi1fcar-gcc-12.2.0/lib/gcc/x86_64-unknown-linux-gnu/12.2.0/../../../../include/c++/12.2.0/backward
 /nix/store/jgdz5wfqc6q6qhy17lsqnfpbkfi1fcar-gcc-12.2.0/lib/gcc/x86_64-unknown-linux-gnu/12.2.0/include
 /nix/store/jgdz5wfqc6q6qhy17lsqnfpbkfi1fcar-gcc-12.2.0/include
 /nix/store/jgdz5wfqc6q6qhy17lsqnfpbkfi1fcar-gcc-12.2.0/lib/gcc/x86_64-unknown-linux-gnu/12.2.0/include-fixed
 /nix/store/linb70pgp53f0kygxm5wk163dx22d681-glibc-2.37-45-dev/include
End of search list.
GNU C++17 (GCC) version 12.2.0 (x86_64-unknown-linux-gnu)
	compiled by GNU C version 12.2.0, GMP version 6.2.1, MPFR version 4.2.0, MPC version 1.3.1, isl version isl-0.20-GMP

GGC heuristics: --param ggc-min-expand=100 --param ggc-min-heapsize=131072
Compiler executable checksum: 06e147c51c795853eacc3af82f758ba4
COLLECT_GCC_OPTIONS='-fPIC' '-Wformat=1' '-Wformat-security' '-Werror=format-security' '-fstack-protector-strong' '--param=ssp-buffer-size=4' '-O2' '-U' '_FORTIFY_SOURCE' '-D' '_FORTIFY_SOURCE=2' '-fno-strict-overflow' '-v' '-o' 'CMakeFiles/cmTC_fc027.dir/CMakeCXXCompilerABI.cpp.o' '-c' '-B' '/nix/store/whypqfa83z4bsn43n4byvmw80n4mg3r8-glibc-2.37-45/lib/' '-idirafter' '/nix/store/linb70pgp53f0kygxm5wk163dx22d681-glibc-2.37-45-dev/include' '-idirafter' '/nix/store/jgdz5wfqc6q6qhy17lsqnfpbkfi1fcar-gcc-12.2.0/lib/gcc/x86_64-unknown-linux-gnu/12.2.0/include-fixed' '-B' '/nix/store/bmfc7mrr7kilf45wpfd60davjaqfmagv-gcc-12.2.0-lib/lib' '-B' '/nix/store/3hbxw05vfs6m1155xa6pvribs3bv777n-gcc-wrapper-12.2.0/bin/' '-frandom-seed=46hvwiklwv' '-isystem' '/nix/store/mk2dh1va00xkk2ri19jj4y77m22cjcnq-sfml-2.5.1/include' '-isystem' '/nix/store/ply2mi3mcb45qdyh2rmppj6cjlxvb2mn-box2d-2.3.1/include' '-isystem' '/nix/store/7xbnc8sjsrip8dn8q8dc65n4kxa1s3cx-gdb-13.1/include' '-isystem' '/nix/store/mk2dh1va00xkk2ri19jj4y77m22cjcnq-sfml-2.5.1/include' '-isystem' '/nix/store/ply2mi3mcb45qdyh2rmppj6cjlxvb2mn-box2d-2.3.1/include' '-isystem' '/nix/store/7xbnc8sjsrip8dn8q8dc65n4kxa1s3cx-gdb-13.1/include' '-shared-libgcc' '-mtune=generic' '-march=x86-64' '-dumpdir' 'CMakeFiles/cmTC_fc027.dir/'
 /nix/store/3hbxw05vfs6m1155xa6pvribs3bv777n-gcc-wrapper-12.2.0/bin/as -v --64 -o CMakeFiles/cmTC_fc027.dir/CMakeCXXCompilerABI.cpp.o /run/user/1000/ccAzA8GU.s
GNU assembler version 2.40 (x86_64-unknown-linux-gnu) using BFD version (GNU Binutils) 2.40
COMPILER_PATH=/nix/store/whypqfa83z4bsn43n4byvmw80n4mg3r8-glibc-2.37-45/lib/:/nix/store/bmfc7mrr7kilf45wpfd60davjaqfmagv-gcc-12.2.0-lib/lib/:/nix/store/3hbxw05vfs6m1155xa6pvribs3bv777n-gcc-wrapper-12.2.0/bin/:/nix/store/jgdz5wfqc6q6qhy17lsqnfpbkfi1fcar-gcc-12.2.0/libexec/gcc/x86_64-unknown-linux-gnu/12.2.0/:/nix/store/jgdz5wfqc6q6qhy17lsqnfpbkfi1fcar-gcc-12.2.0/libexec/gcc/x86_64-unknown-linux-gnu/12.2.0/:/nix/store/jgdz5wfqc6q6qhy17lsqnfpbkfi1fcar-gcc-12.2.0/libexec/gcc/x86_64-unknown-linux-gnu/:/nix/store/jgdz5wfqc6q6qhy17lsqnfpbkfi1fcar-gcc-12.2.0/lib/gcc/x86_64-unknown-linux-gnu/12.2.0/:/nix/store/jgdz5wfqc6q6qhy17lsqnfpbkfi1fcar-gcc-12.2.0/lib/gcc/x86_64-unknown-linux-gnu/
LIBRARY_PATH=/nix/store/whypqfa83z4bsn43n4byvmw80n4mg3r8-glibc-2.37-45/lib/:/nix/store/bmfc7mrr7kilf45wpfd60davjaqfmagv-gcc-12.2.0-lib/lib/:/nix/store/3hbxw05vfs6m1155xa6pvribs3bv777n-gcc-wrapper-12.2.0/bin/:/nix/store/jgdz5wfqc6q6qhy17lsqnfpbkfi1fcar-gcc-12.2.0/lib/gcc/x86_64-unknown-linux-gnu/12.2.0/:/nix/store/jgdz5wfqc6q6qhy17lsqnfpbkfi1fcar-gcc-12.2.0/lib/gcc/x86_64-unknown-linux-gnu/12.2.0/../../../../lib64/:/nix/store/jgdz5wfqc6q6qhy17lsqnfpbkfi1fcar-gcc-12.2.0/lib/gcc/x86_64-unknown-linux-gnu/12.2.0/../../../
COLLECT_GCC_OPTIONS='-fPIC' '-Wformat=1' '-Wformat-security' '-Werror=format-security' '-fstack-protector-strong' '--param=ssp-buffer-size=4' '-O2' '-U' '_FORTIFY_SOURCE' '-D' '_FORTIFY_SOURCE=2' '-fno-strict-overflow' '-v' '-o' 'CMakeFiles/cmTC_fc027.dir/CMakeCXXCompilerABI.cpp.o' '-c' '-B' '/nix/store/whypqfa83z4bsn43n4byvmw80n4mg3r8-glibc-2.37-45/lib/' '-idirafter' '/nix/store/linb70pgp53f0kygxm5wk163dx22d681-glibc-2.37-45-dev/include' '-idirafter' '/nix/store/jgdz5wfqc6q6qhy17lsqnfpbkfi1fcar-gcc-12.2.0/lib/gcc/x86_64-unknown-linux-gnu/12.2.0/include-fixed' '-B' '/nix/store/bmfc7mrr7kilf45wpfd60davjaqfmagv-gcc-12.2.0-lib/lib' '-B' '/nix/store/3hbxw05vfs6m1155xa6pvribs3bv777n-gcc-wrapper-12.2.0/bin/' '-frandom-seed=46hvwiklwv' '-isystem' '/nix/store/mk2dh1va00xkk2ri19jj4y77m22cjcnq-sfml-2.5.1/include' '-isystem' '/nix/store/ply2mi3mcb45qdyh2rmppj6cjlxvb2mn-box2d-2.3.1/include' '-isystem' '/nix/store/7xbnc8sjsrip8dn8q8dc65n4kxa1s3cx-gdb-13.1/include' '-isystem' '/nix/store/mk2dh1va00xkk2ri19jj4y77m22cjcnq-sfml-2.5.1/include' '-isystem' '/nix/store/ply2mi3mcb45qdyh2rmppj6cjlxvb2mn-box2d-2.3.1/include' '-isystem' '/nix/store/7xbnc8sjsrip8dn8q8dc65n4kxa1s3cx-gdb-13.1/include' '-shared-libgcc' '-mtune=generic' '-march=x86-64' '-dumpdir' 'CMakeFiles/cmTC_fc027.dir/CMakeCXXCompilerABI.cpp.'
Linking CXX executable cmTC_fc027
/nix/store/jzfa947q6wvkwmy7f3rnll66gzwv9m9s-cmake-3.25.3/bin/cmake -E cmake_link_script CMakeFiles/cmTC_fc027.dir/link.txt --verbose=1
/nix/store/3hbxw05vfs6m1155xa6pvribs3bv777n-gcc-wrapper-12.2.0/bin/g++  -v -rdynamic CMakeFiles/cmTC_fc027.dir/CMakeCXXCompilerABI.cpp.o -o cmTC_fc027 
Using built-in specs.
COLLECT_GCC=/nix/store/jgdz5wfqc6q6qhy17lsqnfpbkfi1fcar-gcc-12.2.0/bin/g++
COLLECT_LTO_WRAPPER=/nix/store/jgdz5wfqc6q6qhy17lsqnfpbkfi1fcar-gcc-12.2.0/libexec/gcc/x86_64-unknown-linux-gnu/12.2.0/lto-wrapper
Target: x86_64-unknown-linux-gnu
Configured with: 
Thread model: posix
Supported LTO compression algorithms: zlib
gcc version 12.2.0 (GCC) 
COMPILER_PATH=/nix/store/whypqfa83z4bsn43n4byvmw80n4mg3r8-glibc-2.37-45/lib/:/nix/store/bmfc7mrr7kilf45wpfd60davjaqfmagv-gcc-12.2.0-lib/lib/:/nix/store/3hbxw05vfs6m1155xa6pvribs3bv777n-gcc-wrapper-12.2.0/bin/:/nix/store/jgdz5wfqc6q6qhy17lsqnfpbkfi1fcar-gcc-12.2.0/libexec/gcc/x86_64-unknown-linux-gnu/12.2.0/:/nix/store/jgdz5wfqc6q6qhy17lsqnfpbkfi1fcar-gcc-12.2.0/libexec/gcc/x86_64-unknown-linux-gnu/12.2.0/:/nix/store/jgdz5wfqc6q6qhy17lsqnfpbkfi1fcar-gcc-12.2.0/libexec/gcc/x86_64-unknown-linux-gnu/:/nix/store/jgdz5wfqc6q6qhy17lsqnfpbkfi1fcar-gcc-12.2.0/lib/gcc/x86_64-unknown-linux-gnu/12.2.0/:/nix/store/jgdz5wfqc6q6qhy17lsqnfpbkfi1fcar-gcc-12.2.0/lib/gcc/x86_64-unknown-linux-gnu/
LIBRARY_PATH=/nix/store/whypqfa83z4bsn43n4byvmw80n4mg3r8-glibc-2.37-45/lib/:/nix/store/bmfc7mrr7kilf45wpfd60davjaqfmagv-gcc-12.2.0-lib/lib/:/nix/store/3hbxw05vfs6m1155xa6pvribs3bv777n-gcc-wrapper-12.2.0/bin/:/nix/store/jgdz5wfqc6q6qhy17lsqnfpbkfi1fcar-gcc-12.2.0/lib/gcc/x86_64-unknown-linux-gnu/12.2.0/:/nix/store/jgdz5wfqc6q6qhy17lsqnfpbkfi1fcar-gcc-12.2.0/lib/gcc/x86_64-unknown-linux-gnu/12.2.0/../../../../lib64/:/nix/store/jgdz5wfqc6q6qhy17lsqnfpbkfi1fcar-gcc-12.2.0/lib/gcc/x86_64-unknown-linux-gnu/12.2.0/../../../
COLLECT_GCC_OPTIONS='-fPIC' '-Wformat=1' '-Wformat-security' '-Werror=format-security' '-fstack-protector-strong' '--param=ssp-buffer-size=4' '-O2' '-U' '_FORTIFY_SOURCE' '-D' '_FORTIFY_SOURCE=2' '-fno-strict-overflow' '-v' '-rdynamic' '-o' 'cmTC_fc027' '-B' '/nix/store/whypqfa83z4bsn43n4byvmw80n4mg3r8-glibc-2.37-45/lib/' '-idirafter' '/nix/store/linb70pgp53f0kygxm5wk163dx22d681-glibc-2.37-45-dev/include' '-idirafter' '/nix/store/jgdz5wfqc6q6qhy17lsqnfpbkfi1fcar-gcc-12.2.0/lib/gcc/x86_64-unknown-linux-gnu/12.2.0/include-fixed' '-B' '/nix/store/bmfc7mrr7kilf45wpfd60davjaqfmagv-gcc-12.2.0-lib/lib' '-B' '/nix/store/3hbxw05vfs6m1155xa6pvribs3bv777n-gcc-wrapper-12.2.0/bin/' '-frandom-seed=46hvwiklwv' '-isystem' '/nix/store/mk2dh1va00xkk2ri19jj4y77m22cjcnq-sfml-2.5.1/include' '-isystem' '/nix/store/ply2mi3mcb45qdyh2rmppj6cjlxvb2mn-box2d-2.3.1/include' '-isystem' '/nix/store/7xbnc8sjsrip8dn8q8dc65n4kxa1s3cx-gdb-13.1/include' '-isystem' '/nix/store/mk2dh1va00xkk2ri19jj4y77m22cjcnq-sfml-2.5.1/include' '-isystem' '/nix/store/ply2mi3mcb45qdyh2rmppj6cjlxvb2mn-box2d-2.3.1/include' '-isystem' '/nix/store/7xbnc8sjsrip8dn8q8dc65n4kxa1s3cx-gdb-13.1/include' '-L/nix/store/mk2dh1va00xkk2ri19jj4y77m22cjcnq-sfml-2.5.1/lib' '-L/nix/store/ply2mi3mcb45qdyh2rmppj6cjlxvb2mn-box2d-2.3.1/lib' '-L/nix/store/7xbnc8sjsrip8dn8q8dc65n4kxa1s3cx-gdb-13.1/lib' '-L/nix/store/mk2dh1va00xkk2ri19jj4y77m22cjcnq-sfml-2.5.1/lib' '-L/nix/store/ply2mi3mcb45qdyh2rmppj6cjlxvb2mn-box2d-2.3.1/lib' '-L/nix/store/7xbnc8sjsrip8dn8q8dc65n4kxa1s3cx-gdb-13.1/lib' '-L/nix/store/whypqfa83z4bsn43n4byvmw80n4mg3r8-glibc-2.37-45/lib' '-L/nix/store/jgdz5wfqc6q6qhy17lsqnfpbkfi1fcar-gcc-12.2.0/lib/gcc/x86_64-unknown-linux-gnu/12.2.0' '-L/nix/store/bmfc7mrr7kilf45wpfd60davjaqfmagv-gcc-12.2.0-lib/x86_64-unknown-linux-gnu/lib' '-L/nix/store/bmfc7mrr7kilf45wpfd60davjaqfmagv-gcc-12.2.0-lib/lib' '-shared-libgcc' '-mtune=generic' '-march=x86-64' '-dumpdir' 'cmTC_fc027.'
 /nix/store/jgdz5wfqc6q6qhy17lsqnfpbkfi1fcar-gcc-12.2.0/libexec/gcc/x86_64-unknown-linux-gnu/12.2.0/collect2 -plugin /nix/store/jgdz5wfqc6q6qhy17lsqnfpbkfi1fcar-gcc-12.2.0/libexec/gcc/x86_64-unknown-linux-gnu/12.2.0/liblto_plugin.so -plugin-opt=/nix/store/jgdz5wfqc6q6qhy17lsqnfpbkfi1fcar-gcc-12.2.0/libexec/gcc/x86_64-unknown-linux-gnu/12.2.0/lto-wrapper -plugin-opt=-fresolution=/run/user/1000/ccYYD9sZ.res -plugin-opt=-pass-through=-lgcc_s -plugin-opt=-pass-through=-lgcc -plugin-opt=-pass-through=-lc -plugin-opt=-pass-through=-lgcc_s -plugin-opt=-pass-through=-lgcc --eh-frame-hdr -m elf_x86_64 -export-dynamic -dynamic-linker /nix/store/whypqfa83z4bsn43n4byvmw80n4mg3r8-glibc-2.37-45/lib64/ld-linux-x86-64.so.2 -o cmTC_fc027 /nix/store/whypqfa83z4bsn43n4byvmw80n4mg3r8-glibc-2.37-45/lib/crt1.o /nix/store/whypqfa83z4bsn43n4byvmw80n4mg3r8-glibc-2.37-45/lib/crti.o /nix/store/jgdz5wfqc6q6qhy17lsqnfpbkfi1fcar-gcc-12.2.0/lib/gcc/x86_64-unknown-linux-gnu/12.2.0/crtbegin.o -L/nix/store/mk2dh1va00xkk2ri19jj4y77m22cjcnq-sfml-2.5.1/lib -L/nix/store/ply2mi3mcb45qdyh2rmppj6cjlxvb2mn-box2d-2.3.1/lib -L/nix/store/7xbnc8sjsrip8dn8q8dc65n4kxa1s3cx-gdb-13.1/lib -L/nix/store/mk2dh1va00xkk2ri19jj4y77m22cjcnq-sfml-2.5.1/lib -L/nix/store/ply2mi3mcb45qdyh2rmppj6cjlxvb2mn-box2d-2.3.1/lib -L/nix/store/7xbnc8sjsrip8dn8q8dc65n4kxa1s3cx-gdb-13.1/lib -L/nix/store/whypqfa83z4bsn43n4byvmw80n4mg3r8-glibc-2.37-45/lib -L/nix/store/jgdz5wfqc6q6qhy17lsqnfpbkfi1fcar-gcc-12.2.0/lib/gcc/x86_64-unknown-linux-gnu/12.2.0 -L/nix/store/bmfc7mrr7kilf45wpfd60davjaqfmagv-gcc-12.2.0-lib/x86_64-unknown-linux-gnu/lib -L/nix/store/bmfc7mrr7kilf45wpfd60davjaqfmagv-gcc-12.2.0-lib/lib -L/nix/store/whypqfa83z4bsn43n4byvmw80n4mg3r8-glibc-2.37-45/lib -L/nix/store/bmfc7mrr7kilf45wpfd60davjaqfmagv-gcc-12.2.0-lib/lib -L/nix/store/3hbxw05vfs6m1155xa6pvribs3bv777n-gcc-wrapper-12.2.0/bin -L/nix/store/jgdz5wfqc6q6qhy17lsqnfpbkfi1fcar-gcc-12.2.0/lib/gcc/x86_64-unknown-linux-gnu/12.2.0 -L/nix/store/jgdz5wfqc6q6qhy17lsqnfpbkfi1fcar-gcc-12.2.0/lib/gcc/x86_64-unknown-linux-gnu/12.2.0/../../../../lib64 -L/nix/store/jgdz5wfqc6q6qhy17lsqnfpbkfi1fcar-gcc-12.2.0/lib/gcc/x86_64-unknown-linux-gnu/12.2.0/../../.. -dynamic-linker=/nix/store/whypqfa83z4bsn43n4byvmw80n4mg3r8-glibc-2.37-45/lib/ld-linux-x86-64.so.2 CMakeFiles/cmTC_fc027.dir/CMakeCXXCompilerABI.cpp.o -rpath /nix/store/46hvwiklwv9vj0wz0xnnw86xj0hc3vai-nix-shell/lib64 -rpath /nix/store/46hvwiklwv9vj0wz0xnnw86xj0hc3vai-nix-shell/lib -lstdc++ -lm -lgcc_s -lgcc -lc -lgcc_s -lgcc /nix/store/jgdz5wfqc6q6qhy17lsqnfpbkfi1fcar-gcc-12.2.0/lib/gcc/x86_64-unknown-linux-gnu/12.2.0/crtend.o /nix/store/whypqfa83z4bsn43n4byvmw80n4mg3r8-glibc-2.37-45/lib/crtn.o
COLLECT_GCC_OPTIONS='-fPIC' '-Wformat=1' '-Wformat-security' '-Werror=format-security' '-fstack-protector-strong' '--param=ssp-buffer-size=4' '-O2' '-U' '_FORTIFY_SOURCE' '-D' '_FORTIFY_SOURCE=2' '-fno-strict-overflow' '-v' '-rdynamic' '-o' 'cmTC_fc027' '-B' '/nix/store/whypqfa83z4bsn43n4byvmw80n4mg3r8-glibc-2.37-45/lib/' '-idirafter' '/nix/store/linb70pgp53f0kygxm5wk163dx22d681-glibc-2.37-45-dev/include' '-idirafter' '/nix/store/jgdz5wfqc6q6qhy17lsqnfpbkfi1fcar-gcc-12.2.0/lib/gcc/x86_64-unknown-linux-gnu/12.2.0/include-fixed' '-B' '/nix/store/bmfc7mrr7kilf45wpfd60davjaqfmagv-gcc-12.2.0-lib/lib' '-B' '/nix/store/3hbxw05vfs6m1155xa6pvribs3bv777n-gcc-wrapper-12.2.0/bin/' '-frandom-seed=46hvwiklwv' '-isystem' '/nix/store/mk2dh1va00xkk2ri19jj4y77m22cjcnq-sfml-2.5.1/include' '-isystem' '/nix/store/ply2mi3mcb45qdyh2rmppj6cjlxvb2mn-box2d-2.3.1/include' '-isystem' '/nix/store/7xbnc8sjsrip8dn8q8dc65n4kxa1s3cx-gdb-13.1/include' '-isystem' '/nix/store/mk2dh1va00xkk2ri19jj4y77m22cjcnq-sfml-2.5.1/include' '-isystem' '/nix/store/ply2mi3mcb45qdyh2rmppj6cjlxvb2mn-box2d-2.3.1/include' '-isystem' '/nix/store/7xbnc8sjsrip8dn8q8dc65n4kxa1s3cx-gdb-13.1/include' '-L/nix/store/mk2dh1va00xkk2ri19jj4y77m22cjcnq-sfml-2.5.1/lib' '-L/nix/store/ply2mi3mcb45qdyh2rmppj6cjlxvb2mn-box2d-2.3.1/lib' '-L/nix/store/7xbnc8sjsrip8dn8q8dc65n4kxa1s3cx-gdb-13.1/lib' '-L/nix/store/mk2dh1va00xkk2ri19jj4y77m22cjcnq-sfml-2.5.1/lib' '-L/nix/store/ply2mi3mcb45qdyh2rmppj6cjlxvb2mn-box2d-2.3.1/lib' '-L/nix/store/7xbnc8sjsrip8dn8q8dc65n4kxa1s3cx-gdb-13.1/lib' '-L/nix/store/whypqfa83z4bsn43n4byvmw80n4mg3r8-glibc-2.37-45/lib' '-L/nix/store/jgdz5wfqc6q6qhy17lsqnfpbkfi1fcar-gcc-12.2.0/lib/gcc/x86_64-unknown-linux-gnu/12.2.0' '-L/nix/store/bmfc7mrr7kilf45wpfd60davjaqfmagv-gcc-12.2.0-lib/x86_64-unknown-linux-gnu/lib' '-L/nix/store/bmfc7mrr7kilf45wpfd60davjaqfmagv-gcc-12.2.0-lib/lib' '-shared-libgcc' '-mtune=generic' '-march=x86-64' '-dumpdir' 'cmTC_fc027.'
make[1]: Leaving directory '/home/daily/Projects/pong/build/CMakeFiles/CMakeScratch/TryCompile-B0W3XR'



Parsed CXX implicit include dir info from above output: rv=done
  found start of include info
  found start of implicit include info
    add: [/nix/store/mk2dh1va00xkk2ri19jj4y77m22cjcnq-sfml-2.5.1/include]
    add: [/nix/store/ply2mi3mcb45qdyh2rmppj6cjlxvb2mn-box2d-2.3.1/include]
    add: [/nix/store/7xbnc8sjsrip8dn8q8dc65n4kxa1s3cx-gdb-13.1/include]
    add: [/nix/store/jgdz5wfqc6q6qhy17lsqnfpbkfi1fcar-gcc-12.2.0/lib/gcc/x86_64-unknown-linux-gnu/12.2.0/../../../../include/c++/12.2.0]
    add: [/nix/store/jgdz5wfqc6q6qhy17lsqnfpbkfi1fcar-gcc-12.2.0/lib/gcc/x86_64-unknown-linux-gnu/12.2.0/../../../../include/c++/12.2.0/x86_64-unknown-linux-gnu]
    add: [/nix/store/jgdz5wfqc6q6qhy17lsqnfpbkfi1fcar-gcc-12.2.0/lib/gcc/x86_64-unknown-linux-gnu/12.2.0/../../../../include/c++/12.2.0/backward]
    add: [/nix/store/jgdz5wfqc6q6qhy17lsqnfpbkfi1fcar-gcc-12.2.0/lib/gcc/x86_64-unknown-linux-gnu/12.2.0/include]
    add: [/nix/store/jgdz5wfqc6q6qhy17lsqnfpbkfi1fcar-gcc-12.2.0/include]
    add: [/nix/store/jgdz5wfqc6q6qhy17lsqnfpbkfi1fcar-gcc-12.2.0/lib/gcc/x86_64-unknown-linux-gnu/12.2.0/include-fixed]
    add: [/nix/store/linb70pgp53f0kygxm5wk163dx22d681-glibc-2.37-45-dev/include]
  end of search list found
  collapse include dir [/nix/store/mk2dh1va00xkk2ri19jj4y77m22cjcnq-sfml-2.5.1/include] ==> [/nix/store/mk2dh1va00xkk2ri19jj4y77m22cjcnq-sfml-2.5.1/include]
  collapse include dir [/nix/store/ply2mi3mcb45qdyh2rmppj6cjlxvb2mn-box2d-2.3.1/include] ==> [/nix/store/ply2mi3mcb45qdyh2rmppj6cjlxvb2mn-box2d-2.3.1/include]
  collapse include dir [/nix/store/7xbnc8sjsrip8dn8q8dc65n4kxa1s3cx-gdb-13.1/include] ==> [/nix/store/7xbnc8sjsrip8dn8q8dc65n4kxa1s3cx-gdb-13.1/include]
  collapse include dir [/nix/store/jgdz5wfqc6q6qhy17lsqnfpbkfi1fcar-gcc-12.2.0/lib/gcc/x86_64-unknown-linux-gnu/12.2.0/../../../../include/c++/12.2.0] ==> [/nix/store/jgdz5wfqc6q6qhy17lsqnfpbkfi1fcar-gcc-12.2.0/include/c++/12.2.0]
  collapse include dir [/nix/store/jgdz5wfqc6q6qhy17lsqnfpbkfi1fcar-gcc-12.2.0/lib/gcc/x86_64-unknown-linux-gnu/12.2.0/../../../../include/c++/12.2.0/x86_64-unknown-linux-gnu] ==> [/nix/store/jgdz5wfqc6q6qhy17lsqnfpbkfi1fcar-gcc-12.2.0/include/c++/12.2.0/x86_64-unknown-linux-gnu]
  collapse include dir [/nix/store/jgdz5wfqc6q6qhy17lsqnfpbkfi1fcar-gcc-12.2.0/lib/gcc/x86_64-unknown-linux-gnu/12.2.0/../../../../include/c++/12.2.0/backward] ==> [/nix/store/jgdz5wfqc6q6qhy17lsqnfpbkfi1fcar-gcc-12.2.0/include/c++/12.2.0/backward]
  collapse include dir [/nix/store/jgdz5wfqc6q6qhy17lsqnfpbkfi1fcar-gcc-12.2.0/lib/gcc/x86_64-unknown-linux-gnu/12.2.0/include] ==> [/nix/store/jgdz5wfqc6q6qhy17lsqnfpbkfi1fcar-gcc-12.2.0/lib/gcc/x86_64-unknown-linux-gnu/12.2.0/include]
  collapse include dir [/nix/store/jgdz5wfqc6q6qhy17lsqnfpbkfi1fcar-gcc-12.2.0/include] ==> [/nix/store/jgdz5wfqc6q6qhy17lsqnfpbkfi1fcar-gcc-12.2.0/include]
  collapse include dir [/nix/store/jgdz5wfqc6q6qhy17lsqnfpbkfi1fcar-gcc-12.2.0/lib/gcc/x86_64-unknown-linux-gnu/12.2.0/include-fixed] ==> [/nix/store/jgdz5wfqc6q6qhy17lsqnfpbkfi1fcar-gcc-12.2.0/lib/gcc/x86_64-unknown-linux-gnu/12.2.0/include-fixed]
  collapse include dir [/nix/store/linb70pgp53f0kygxm5wk163dx22d681-glibc-2.37-45-dev/include] ==> [/nix/store/linb70pgp53f0kygxm5wk163dx22d681-glibc-2.37-45-dev/include]
  implicit include dirs: [/nix/store/mk2dh1va00xkk2ri19jj4y77m22cjcnq-sfml-2.5.1/include;/nix/store/ply2mi3mcb45qdyh2rmppj6cjlxvb2mn-box2d-2.3.1/include;/nix/store/7xbnc8sjsrip8dn8q8dc65n4kxa1s3cx-gdb-13.1/include;/nix/store/jgdz5wfqc6q6qhy17lsqnfpbkfi1fcar-gcc-12.2.0/include/c++/12.2.0;/nix/store/jgdz5wfqc6q6qhy17lsqnfpbkfi1fcar-gcc-12.2.0/include/c++/12.2.0/x86_64-unknown-linux-gnu;/nix/store/jgdz5wfqc6q6qhy17lsqnfpbkfi1fcar-gcc-12.2.0/include/c++/12.2.0/backward;/nix/store/jgdz5wfqc6q6qhy17lsqnfpbkfi1fcar-gcc-12.2.0/lib/gcc/x86_64-unknown-linux-gnu/12.2.0/include;/nix/store/jgdz5wfqc6q6qhy17lsqnfpbkfi1fcar-gcc-12.2.0/include;/nix/store/jgdz5wfqc6q6qhy17lsqnfpbkfi1fcar-gcc-12.2.0/lib/gcc/x86_64-unknown-linux-gnu/12.2.0/include-fixed;/nix/store/linb70pgp53f0kygxm5wk163dx22d681-glibc-2.37-45-dev/include]


Parsed CXX implicit link information from above output:
  link line regex: [^( *|.*[/\])(ld|CMAKE_LINK_STARTFILE-NOTFOUND|([^/\]+-)?ld|collect2)[^/\]*( |$)]
  ignore line: [Change Dir: /home/daily/Projects/pong/build/CMakeFiles/CMakeScratch/TryCompile-B0W3XR]
  ignore line: []
  ignore line: [Run Build Command(s):/nix/store/qlcm8dzsaa6wyycmx7in8rz6x3pzf6zf-gnumake-4.4.1/bin/make -f Makefile cmTC_fc027/fast && /nix/store/qlcm8dzsaa6wyycmx7in8rz6x3pzf6zf-gnumake-4.4.1/bin/make  -f CMakeFiles/cmTC_fc027.dir/build.make CMakeFiles/cmTC_fc027.dir/build]
  ignore line: [make[1]: Entering directory '/home/daily/Projects/pong/build/CMakeFiles/CMakeScratch/TryCompile-B0W3XR']
  ignore line: [Building CXX object CMakeFiles/cmTC_fc027.dir/CMakeCXXCompilerABI.cpp.o]
  ignore line: [/nix/store/3hbxw05vfs6m1155xa6pvribs3bv777n-gcc-wrapper-12.2.0/bin/g++   -v -o CMakeFiles/cmTC_fc027.dir/CMakeCXXCompilerABI.cpp.o -c /nix/store/jzfa947q6wvkwmy7f3rnll66gzwv9m9s-cmake-3.25.3/share/cmake-3.25/Modules/CMakeCXXCompilerABI.cpp]
  ignore line: [Using built-in specs.]
  ignore line: [COLLECT_GCC=/nix/store/jgdz5wfqc6q6qhy17lsqnfpbkfi1fcar-gcc-12.2.0/bin/g++]
  ignore line: [Target: x86_64-unknown-linux-gnu]
  ignore line: [Configured with: ]
  ignore line: [Thread model: posix]
  ignore line: [Supported LTO compression algorithms: zlib]
  ignore line: [gcc version 12.2.0 (GCC) ]
  ignore line: [COLLECT_GCC_OPTIONS='-fPIC' '-Wformat=1' '-Wformat-security' '-Werror=format-security' '-fstack-protector-strong' '--param=ssp-buffer-size=4' '-O2' '-U' '_FORTIFY_SOURCE' '-D' '_FORTIFY_SOURCE=2' '-fno-strict-overflow' '-v' '-o' 'CMakeFiles/cmTC_fc027.dir/CMakeCXXCompilerABI.cpp.o' '-c' '-B' '/nix/store/whypqfa83z4bsn43n4byvmw80n4mg3r8-glibc-2.37-45/lib/' '-idirafter' '/nix/store/linb70pgp53f0kygxm5wk163dx22d681-glibc-2.37-45-dev/include' '-idirafter' '/nix/store/jgdz5wfqc6q6qhy17lsqnfpbkfi1fcar-gcc-12.2.0/lib/gcc/x86_64-unknown-linux-gnu/12.2.0/include-fixed' '-B' '/nix/store/bmfc7mrr7kilf45wpfd60davjaqfmagv-gcc-12.2.0-lib/lib' '-B' '/nix/store/3hbxw05vfs6m1155xa6pvribs3bv777n-gcc-wrapper-12.2.0/bin/' '-frandom-seed=46hvwiklwv' '-isystem' '/nix/store/mk2dh1va00xkk2ri19jj4y77m22cjcnq-sfml-2.5.1/include' '-isystem' '/nix/store/ply2mi3mcb45qdyh2rmppj6cjlxvb2mn-box2d-2.3.1/include' '-isystem' '/nix/store/7xbnc8sjsrip8dn8q8dc65n4kxa1s3cx-gdb-13.1/include' '-isystem' '/nix/store/mk2dh1va00xkk2ri19jj4y77m22cjcnq-sfml-2.5.1/include' '-isystem' '/nix/store/ply2mi3mcb45qdyh2rmppj6cjlxvb2mn-box2d-2.3.1/include' '-isystem' '/nix/store/7xbnc8sjsrip8dn8q8dc65n4kxa1s3cx-gdb-13.1/include' '-shared-libgcc' '-mtune=generic' '-march=x86-64' '-dumpdir' 'CMakeFiles/cmTC_fc027.dir/']
  ignore line: [ /nix/store/jgdz5wfqc6q6qhy17lsqnfpbkfi1fcar-gcc-12.2.0/libexec/gcc/x86_64-unknown-linux-gnu/12.2.0/cc1plus -quiet -v -D_GNU_SOURCE -U _FORTIFY_SOURCE -D _FORTIFY_SOURCE=2 -idirafter /nix/store/linb70pgp53f0kygxm5wk163dx22d681-glibc-2.37-45-dev/include -idirafter /nix/store/jgdz5wfqc6q6qhy17lsqnfpbkfi1fcar-gcc-12.2.0/lib/gcc/x86_64-unknown-linux-gnu/12.2.0/include-fixed -isystem /nix/store/mk2dh1va00xkk2ri19jj4y77m22cjcnq-sfml-2.5.1/include -isystem /nix/store/ply2mi3mcb45qdyh2rmppj6cjlxvb2mn-box2d-2.3.1/include -isystem /nix/store/7xbnc8sjsrip8dn8q8dc65n4kxa1s3cx-gdb-13.1/include -isystem /nix/store/mk2dh1va00xkk2ri19jj4y77m22cjcnq-sfml-2.5.1/include -isystem /nix/store/ply2mi3mcb45qdyh2rmppj6cjlxvb2mn-box2d-2.3.1/include -isystem /nix/store/7xbnc8sjsrip8dn8q8dc65n4kxa1s3cx-gdb-13.1/include /nix/store/jzfa947q6wvkwmy7f3rnll66gzwv9m9s-cmake-3.25.3/share/cmake-3.25/Modules/CMakeCXXCompilerABI.cpp -quiet -dumpdir CMakeFiles/cmTC_fc027.dir/ -dumpbase CMakeCXXCompilerABI.cpp.cpp -dumpbase-ext .cpp -mtune=generic -march=x86-64 -O2 -Wformat=1 -Wformat-security -Werror=format-security -version -fPIC -fstack-protector-strong -fno-strict-overflow -frandom-seed=46hvwiklwv --param=ssp-buffer-size=4 -o /run/user/1000/ccAzA8GU.s]
  ignore line: [GNU C++17 (GCC) version 12.2.0 (x86_64-unknown-linux-gnu)]
  ignore line: [	compiled by GNU C version 12.2.0  GMP version 6.2.1  MPFR version 4.2.0  MPC version 1.3.1  isl version isl-0.20-GMP]
  ignore line: []
  ignore line: [GGC heuristics: --param ggc-min-expand=100 --param ggc-min-heapsize=131072]
  ignore line: [ignoring duplicate directory "/nix/store/mk2dh1va00xkk2ri19jj4y77m22cjcnq-sfml-2.5.1/include"]
  ignore line: [ignoring duplicate directory "/nix/store/ply2mi3mcb45qdyh2rmppj6cjlxvb2mn-box2d-2.3.1/include"]
  ignore line: [ignoring duplicate directory "/nix/store/7xbnc8sjsrip8dn8q8dc65n4kxa1s3cx-gdb-13.1/include"]
  ignore line: [ignoring nonexistent directory "/nix/store/jgdz5wfqc6q6qhy17lsqnfpbkfi1fcar-gcc-12.2.0/lib/gcc/x86_64-unknown-linux-gnu/12.2.0/../../../../x86_64-unknown-linux-gnu/include"]
  ignore line: [ignoring duplicate directory "/nix/store/linb70pgp53f0kygxm5wk163dx22d681-glibc-2.37-45-dev/include"]
  ignore line: [ignoring duplicate directory "/nix/store/jgdz5wfqc6q6qhy17lsqnfpbkfi1fcar-gcc-12.2.0/lib/gcc/x86_64-unknown-linux-gnu/12.2.0/include-fixed"]
  ignore line: [#include "..." search starts here:]
  ignore line: [#include <...> search starts here:]
  ignore line: [ /nix/store/mk2dh1va00xkk2ri19jj4y77m22cjcnq-sfml-2.5.1/include]
  ignore line: [ /nix/store/ply2mi3mcb45qdyh2rmppj6cjlxvb2mn-box2d-2.3.1/include]
  ignore line: [ /nix/store/7xbnc8sjsrip8dn8q8dc65n4kxa1s3cx-gdb-13.1/include]
  ignore line: [ /nix/store/jgdz5wfqc6q6qhy17lsqnfpbkfi1fcar-gcc-12.2.0/lib/gcc/x86_64-unknown-linux-gnu/12.2.0/../../../../include/c++/12.2.0]
  ignore line: [ /nix/store/jgdz5wfqc6q6qhy17lsqnfpbkfi1fcar-gcc-12.2.0/lib/gcc/x86_64-unknown-linux-gnu/12.2.0/../../../../include/c++/12.2.0/x86_64-unknown-linux-gnu]
  ignore line: [ /nix/store/jgdz5wfqc6q6qhy17lsqnfpbkfi1fcar-gcc-12.2.0/lib/gcc/x86_64-unknown-linux-gnu/12.2.0/../../../../include/c++/12.2.0/backward]
  ignore line: [ /nix/store/jgdz5wfqc6q6qhy17lsqnfpbkfi1fcar-gcc-12.2.0/lib/gcc/x86_64-unknown-linux-gnu/12.2.0/include]
  ignore line: [ /nix/store/jgdz5wfqc6q6qhy17lsqnfpbkfi1fcar-gcc-12.2.0/include]
  ignore line: [ /nix/store/jgdz5wfqc6q6qhy17lsqnfpbkfi1fcar-gcc-12.2.0/lib/gcc/x86_64-unknown-linux-gnu/12.2.0/include-fixed]
  ignore line: [ /nix/store/linb70pgp53f0kygxm5wk163dx22d681-glibc-2.37-45-dev/include]
  ignore line: [End of search list.]
  ignore line: [GNU C++17 (GCC) version 12.2.0 (x86_64-unknown-linux-gnu)]
  ignore line: [	compiled by GNU C version 12.2.0  GMP version 6.2.1  MPFR version 4.2.0  MPC version 1.3.1  isl version isl-0.20-GMP]
  ignore line: []
  ignore line: [GGC heuristics: --param ggc-min-expand=100 --param ggc-min-heapsize=131072]
  ignore line: [Compiler executable checksum: 06e147c51c795853eacc3af82f758ba4]
  ignore line: [COLLECT_GCC_OPTIONS='-fPIC' '-Wformat=1' '-Wformat-security' '-Werror=format-security' '-fstack-protector-strong' '--param=ssp-buffer-size=4' '-O2' '-U' '_FORTIFY_SOURCE' '-D' '_FORTIFY_SOURCE=2' '-fno-strict-overflow' '-v' '-o' 'CMakeFiles/cmTC_fc027.dir/CMakeCXXCompilerABI.cpp.o' '-c' '-B' '/nix/store/whypqfa83z4bsn43n4byvmw80n4mg3r8-glibc-2.37-45/lib/' '-idirafter' '/nix/store/linb70pgp53f0kygxm5wk163dx22d681-glibc-2.37-45-dev/include' '-idirafter' '/nix/store/jgdz5wfqc6q6qhy17lsqnfpbkfi1fcar-gcc-12.2.0/lib/gcc/x86_64-unknown-linux-gnu/12.2.0/include-fixed' '-B' '/nix/store/bmfc7mrr7kilf45wpfd60davjaqfmagv-gcc-12.2.0-lib/lib' '-B' '/nix/store/3hbxw05vfs6m1155xa6pvribs3bv777n-gcc-wrapper-12.2.0/bin/' '-frandom-seed=46hvwiklwv' '-isystem' '/nix/store/mk2dh1va00xkk2ri19jj4y77m22cjcnq-sfml-2.5.1/include' '-isystem' '/nix/store/ply2mi3mcb45qdyh2rmppj6cjlxvb2mn-box2d-2.3.1/include' '-isystem' '/nix/store/7xbnc8sjsrip8dn8q8dc65n4kxa1s3cx-gdb-13.1/include' '-isystem' '/nix/store/mk2dh1va00xkk2ri19jj4y77m22cjcnq-sfml-2.5.1/include' '-isystem' '/nix/store/ply2mi3mcb45qdyh2rmppj6cjlxvb2mn-box2d-2.3.1/include' '-isystem' '/nix/store/7xbnc8sjsrip8dn8q8dc65n4kxa1s3cx-gdb-13.1/include' '-shared-libgcc' '-mtune=generic' '-march=x86-64' '-dumpdir' 'CMakeFiles/cmTC_fc027.dir/']
  ignore line: [ /nix/store/3hbxw05vfs6m1155xa6pvribs3bv777n-gcc-wrapper-12.2.0/bin/as -v --64 -o CMakeFiles/cmTC_fc027.dir/CMakeCXXCompilerABI.cpp.o /run/user/1000/ccAzA8GU.s]
  ignore line: [GNU assembler version 2.40 (x86_64-unknown-linux-gnu) using BFD version (GNU Binutils) 2.40]
  ignore line: [COMPILER_PATH=/nix/store/whypqfa83z4bsn43n4byvmw80n4mg3r8-glibc-2.37-45/lib/:/nix/store/bmfc7mrr7kilf45wpfd60davjaqfmagv-gcc-12.2.0-lib/lib/:/nix/store/3hbxw05vfs6m1155xa6pvribs3bv777n-gcc-wrapper-12.2.0/bin/:/nix/store/jgdz5wfqc6q6qhy17lsqnfpbkfi1fcar-gcc-12.2.0/libexec/gcc/x86_64-unknown-linux-gnu/12.2.0/:/nix/store/jgdz5wfqc6q6qhy17lsqnfpbkfi1fcar-gcc-12.2.0/libexec/gcc/x86_64-unknown-linux-gnu/12.2.0/:/nix/store/jgdz5wfqc6q6qhy17lsqnfpbkfi1fcar-gcc-12.2.0/libexec/gcc/x86_64-unknown-linux-gnu/:/nix/store/jgdz5wfqc6q6qhy17lsqnfpbkfi1fcar-gcc-12.2.0/lib/gcc/x86_64-unknown-linux-gnu/12.2.0/:/nix/store/jgdz5wfqc6q6qhy17lsqnfpbkfi1fcar-gcc-12.2.0/lib/gcc/x86_64-unknown-linux-gnu/]
  ignore line: [LIBRARY_PATH=/nix/store/whypqfa83z4bsn43n4byvmw80n4mg3r8-glibc-2.37-45/lib/:/nix/store/bmfc7mrr7kilf45wpfd60davjaqfmagv-gcc-12.2.0-lib/lib/:/nix/store/3hbxw05vfs6m1155xa6pvribs3bv777n-gcc-wrapper-12.2.0/bin/:/nix/store/jgdz5wfqc6q6qhy17lsqnfpbkfi1fcar-gcc-12.2.0/lib/gcc/x86_64-unknown-linux-gnu/12.2.0/:/nix/store/jgdz5wfqc6q6qhy17lsqnfpbkfi1fcar-gcc-12.2.0/lib/gcc/x86_64-unknown-linux-gnu/12.2.0/../../../../lib64/:/nix/store/jgdz5wfqc6q6qhy17lsqnfpbkfi1fcar-gcc-12.2.0/lib/gcc/x86_64-unknown-linux-gnu/12.2.0/../../../]
  ignore line: [COLLECT_GCC_OPTIONS='-fPIC' '-Wformat=1' '-Wformat-security' '-Werror=format-security' '-fstack-protector-strong' '--param=ssp-buffer-size=4' '-O2' '-U' '_FORTIFY_SOURCE' '-D' '_FORTIFY_SOURCE=2' '-fno-strict-overflow' '-v' '-o' 'CMakeFiles/cmTC_fc027.dir/CMakeCXXCompilerABI.cpp.o' '-c' '-B' '/nix/store/whypqfa83z4bsn43n4byvmw80n4mg3r8-glibc-2.37-45/lib/' '-idirafter' '/nix/store/linb70pgp53f0kygxm5wk163dx22d681-glibc-2.37-45-dev/include' '-idirafter' '/nix/store/jgdz5wfqc6q6qhy17lsqnfpbkfi1fcar-gcc-12.2.0/lib/gcc/x86_64-unknown-linux-gnu/12.2.0/include-fixed' '-B' '/nix/store/bmfc7mrr7kilf45wpfd60davjaqfmagv-gcc-12.2.0-lib/lib' '-B' '/nix/store/3hbxw05vfs6m1155xa6pvribs3bv777n-gcc-wrapper-12.2.0/bin/' '-frandom-seed=46hvwiklwv' '-isystem' '/nix/store/mk2dh1va00xkk2ri19jj4y77m22cjcnq-sfml-2.5.1/include' '-isystem' '/nix/store/ply2mi3mcb45qdyh2rmppj6cjlxvb2mn-box2d-2.3.1/include' '-isystem' '/nix/store/7xbnc8sjsrip8dn8q8dc65n4kxa1s3cx-gdb-13.1/include' '-isystem' '/nix/store/mk2dh1va00xkk2ri19jj4y77m22cjcnq-sfml-2.5.1/include' '-isystem' '/nix/store/ply2mi3mcb45qdyh2rmppj6cjlxvb2mn-box2d-2.3.1/include' '-isystem' '/nix/store/7xbnc8sjsrip8dn8q8dc65n4kxa1s3cx-gdb-13.1/include' '-shared-libgcc' '-mtune=generic' '-march=x86-64' '-dumpdir' 'CMakeFiles/cmTC_fc027.dir/CMakeCXXCompilerABI.cpp.']
  ignore line: [Linking CXX executable cmTC_fc027]
  ignore line: [/nix/store/jzfa947q6wvkwmy7f3rnll66gzwv9m9s-cmake-3.25.3/bin/cmake -E cmake_link_script CMakeFiles/cmTC_fc027.dir/link.txt --verbose=1]
  ignore line: [/nix/store/3hbxw05vfs6m1155xa6pvribs3bv777n-gcc-wrapper-12.2.0/bin/g++  -v -rdynamic CMakeFiles/cmTC_fc027.dir/CMakeCXXCompilerABI.cpp.o -o cmTC_fc027 ]
  ignore line: [Using built-in specs.]
  ignore line: [COLLECT_GCC=/nix/store/jgdz5wfqc6q6qhy17lsqnfpbkfi1fcar-gcc-12.2.0/bin/g++]
  ignore line: [COLLECT_LTO_WRAPPER=/nix/store/jgdz5wfqc6q6qhy17lsqnfpbkfi1fcar-gcc-12.2.0/libexec/gcc/x86_64-unknown-linux-gnu/12.2.0/lto-wrapper]
  ignore line: [Target: x86_64-unknown-linux-gnu]
  ignore line: [Configured with: ]
  ignore line: [Thread model: posix]
  ignore line: [Supported LTO compression algorithms: zlib]
  ignore line: [gcc version 12.2.0 (GCC) ]
  ignore line: [COMPILER_PATH=/nix/store/whypqfa83z4bsn43n4byvmw80n4mg3r8-glibc-2.37-45/lib/:/nix/store/bmfc7mrr7kilf45wpfd60davjaqfmagv-gcc-12.2.0-lib/lib/:/nix/store/3hbxw05vfs6m1155xa6pvribs3bv777n-gcc-wrapper-12.2.0/bin/:/nix/store/jgdz5wfqc6q6qhy17lsqnfpbkfi1fcar-gcc-12.2.0/libexec/gcc/x86_64-unknown-linux-gnu/12.2.0/:/nix/store/jgdz5wfqc6q6qhy17lsqnfpbkfi1fcar-gcc-12.2.0/libexec/gcc/x86_64-unknown-linux-gnu/12.2.0/:/nix/store/jgdz5wfqc6q6qhy17lsqnfpbkfi1fcar-gcc-12.2.0/libexec/gcc/x86_64-unknown-linux-gnu/:/nix/store/jgdz5wfqc6q6qhy17lsqnfpbkfi1fcar-gcc-12.2.0/lib/gcc/x86_64-unknown-linux-gnu/12.2.0/:/nix/store/jgdz5wfqc6q6qhy17lsqnfpbkfi1fcar-gcc-12.2.0/lib/gcc/x86_64-unknown-linux-gnu/]
  ignore line: [LIBRARY_PATH=/nix/store/whypqfa83z4bsn43n4byvmw80n4mg3r8-glibc-2.37-45/lib/:/nix/store/bmfc7mrr7kilf45wpfd60davjaqfmagv-gcc-12.2.0-lib/lib/:/nix/store/3hbxw05vfs6m1155xa6pvribs3bv777n-gcc-wrapper-12.2.0/bin/:/nix/store/jgdz5wfqc6q6qhy17lsqnfpbkfi1fcar-gcc-12.2.0/lib/gcc/x86_64-unknown-linux-gnu/12.2.0/:/nix/store/jgdz5wfqc6q6qhy17lsqnfpbkfi1fcar-gcc-12.2.0/lib/gcc/x86_64-unknown-linux-gnu/12.2.0/../../../../lib64/:/nix/store/jgdz5wfqc6q6qhy17lsqnfpbkfi1fcar-gcc-12.2.0/lib/gcc/x86_64-unknown-linux-gnu/12.2.0/../../../]
  ignore line: [COLLECT_GCC_OPTIONS='-fPIC' '-Wformat=1' '-Wformat-security' '-Werror=format-security' '-fstack-protector-strong' '--param=ssp-buffer-size=4' '-O2' '-U' '_FORTIFY_SOURCE' '-D' '_FORTIFY_SOURCE=2' '-fno-strict-overflow' '-v' '-rdynamic' '-o' 'cmTC_fc027' '-B' '/nix/store/whypqfa83z4bsn43n4byvmw80n4mg3r8-glibc-2.37-45/lib/' '-idirafter' '/nix/store/linb70pgp53f0kygxm5wk163dx22d681-glibc-2.37-45-dev/include' '-idirafter' '/nix/store/jgdz5wfqc6q6qhy17lsqnfpbkfi1fcar-gcc-12.2.0/lib/gcc/x86_64-unknown-linux-gnu/12.2.0/include-fixed' '-B' '/nix/store/bmfc7mrr7kilf45wpfd60davjaqfmagv-gcc-12.2.0-lib/lib' '-B' '/nix/store/3hbxw05vfs6m1155xa6pvribs3bv777n-gcc-wrapper-12.2.0/bin/' '-frandom-seed=46hvwiklwv' '-isystem' '/nix/store/mk2dh1va00xkk2ri19jj4y77m22cjcnq-sfml-2.5.1/include' '-isystem' '/nix/store/ply2mi3mcb45qdyh2rmppj6cjlxvb2mn-box2d-2.3.1/include' '-isystem' '/nix/store/7xbnc8sjsrip8dn8q8dc65n4kxa1s3cx-gdb-13.1/include' '-isystem' '/nix/store/mk2dh1va00xkk2ri19jj4y77m22cjcnq-sfml-2.5.1/include' '-isystem' '/nix/store/ply2mi3mcb45qdyh2rmppj6cjlxvb2mn-box2d-2.3.1/include' '-isystem' '/nix/store/7xbnc8sjsrip8dn8q8dc65n4kxa1s3cx-gdb-13.1/include' '-L/nix/store/mk2dh1va00xkk2ri19jj4y77m22cjcnq-sfml-2.5.1/lib' '-L/nix/store/ply2mi3mcb45qdyh2rmppj6cjlxvb2mn-box2d-2.3.1/lib' '-L/nix/store/7xbnc8sjsrip8dn8q8dc65n4kxa1s3cx-gdb-13.1/lib' '-L/nix/store/mk2dh1va00xkk2ri19jj4y77m22cjcnq-sfml-2.5.1/lib' '-L/nix/store/ply2mi3mcb45qdyh2rmppj6cjlxvb2mn-box2d-2.3.1/lib' '-L/nix/store/7xbnc8sjsrip8dn8q8dc65n4kxa1s3cx-gdb-13.1/lib' '-L/nix/store/whypqfa83z4bsn43n4byvmw80n4mg3r8-glibc-2.37-45/lib' '-L/nix/store/jgdz5wfqc6q6qhy17lsqnfpbkfi1fcar-gcc-12.2.0/lib/gcc/x86_64-unknown-linux-gnu/12.2.0' '-L/nix/store/bmfc7mrr7kilf45wpfd60davjaqfmagv-gcc-12.2.0-lib/x86_64-unknown-linux-gnu/lib' '-L/nix/store/bmfc7mrr7kilf45wpfd60davjaqfmagv-gcc-12.2.0-lib/lib' '-shared-libgcc' '-mtune=generic' '-march=x86-64' '-dumpdir' 'cmTC_fc027.']
  link line: [ /nix/store/jgdz5wfqc6q6qhy17lsqnfpbkfi1fcar-gcc-12.2.0/libexec/gcc/x86_64-unknown-linux-gnu/12.2.0/collect2 -plugin /nix/store/jgdz5wfqc6q6qhy17lsqnfpbkfi1fcar-gcc-12.2.0/libexec/gcc/x86_64-unknown-linux-gnu/12.2.0/liblto_plugin.so -plugin-opt=/nix/store/jgdz5wfqc6q6qhy17lsqnfpbkfi1fcar-gcc-12.2.0/libexec/gcc/x86_64-unknown-linux-gnu/12.2.0/lto-wrapper -plugin-opt=-fresolution=/run/user/1000/ccYYD9sZ.res -plugin-opt=-pass-through=-lgcc_s -plugin-opt=-pass-through=-lgcc -plugin-opt=-pass-through=-lc -plugin-opt=-pass-through=-lgcc_s -plugin-opt=-pass-through=-lgcc --eh-frame-hdr -m elf_x86_64 -export-dynamic -dynamic-linker /nix/store/whypqfa83z4bsn43n4byvmw80n4mg3r8-glibc-2.37-45/lib64/ld-linux-x86-64.so.2 -o cmTC_fc027 /nix/store/whypqfa83z4bsn43n4byvmw80n4mg3r8-glibc-2.37-45/lib/crt1.o /nix/store/whypqfa83z4bsn43n4byvmw80n4mg3r8-glibc-2.37-45/lib/crti.o /nix/store/jgdz5wfqc6q6qhy17lsqnfpbkfi1fcar-gcc-12.2.0/lib/gcc/x86_64-unknown-linux-gnu/12.2.0/crtbegin.o -L/nix/store/mk2dh1va00xkk2ri19jj4y77m22cjcnq-sfml-2.5.1/lib -L/nix/store/ply2mi3mcb45qdyh2rmppj6cjlxvb2mn-box2d-2.3.1/lib -L/nix/store/7xbnc8sjsrip8dn8q8dc65n4kxa1s3cx-gdb-13.1/lib -L/nix/store/mk2dh1va00xkk2ri19jj4y77m22cjcnq-sfml-2.5.1/lib -L/nix/store/ply2mi3mcb45qdyh2rmppj6cjlxvb2mn-box2d-2.3.1/lib -L/nix/store/7xbnc8sjsrip8dn8q8dc65n4kxa1s3cx-gdb-13.1/lib -L/nix/store/whypqfa83z4bsn43n4byvmw80n4mg3r8-glibc-2.37-45/lib -L/nix/store/jgdz5wfqc6q6qhy17lsqnfpbkfi1fcar-gcc-12.2.0/lib/gcc/x86_64-unknown-linux-gnu/12.2.0 -L/nix/store/bmfc7mrr7kilf45wpfd60davjaqfmagv-gcc-12.2.0-lib/x86_64-unknown-linux-gnu/lib -L/nix/store/bmfc7mrr7kilf45wpfd60davjaqfmagv-gcc-12.2.0-lib/lib -L/nix/store/whypqfa83z4bsn43n4byvmw80n4mg3r8-glibc-2.37-45/lib -L/nix/store/bmfc7mrr7kilf45wpfd60davjaqfmagv-gcc-12.2.0-lib/lib -L/nix/store/3hbxw05vfs6m1155xa6pvribs3bv777n-gcc-wrapper-12.2.0/bin -L/nix/store/jgdz5wfqc6q6qhy17lsqnfpbkfi1fcar-gcc-12.2.0/lib/gcc/x86_64-unknown-linux-gnu/12.2.0 -L/nix/store/jgdz5wfqc6q6qhy17lsqnfpbkfi1fcar-gcc-12.2.0/lib/gcc/x86_64-unknown-linux-gnu/12.2.0/../../../../lib64 -L/nix/store/jgdz5wfqc6q6qhy17lsqnfpbkfi1fcar-gcc-12.2.0/lib/gcc/x86_64-unknown-linux-gnu/12.2.0/../../.. -dynamic-linker=/nix/store/whypqfa83z4bsn43n4byvmw80n4mg3r8-glibc-2.37-45/lib/ld-linux-x86-64.so.2 CMakeFiles/cmTC_fc027.dir/CMakeCXXCompilerABI.cpp.o -rpath /nix/store/46hvwiklwv9vj0wz0xnnw86xj0hc3vai-nix-shell/lib64 -rpath /nix/store/46hvwiklwv9vj0wz0xnnw86xj0hc3vai-nix-shell/lib -lstdc++ -lm -lgcc_s -lgcc -lc -lgcc_s -lgcc /nix/store/jgdz5wfqc6q6qhy17lsqnfpbkfi1fcar-gcc-12.2.0/lib/gcc/x86_64-unknown-linux-gnu/12.2.0/crtend.o /nix/store/whypqfa83z4bsn43n4byvmw80n4mg3r8-glibc-2.37-45/lib/crtn.o]
    arg [/nix/store/jgdz5wfqc6q6qhy17lsqnfpbkfi1fcar-gcc-12.2.0/libexec/gcc/x86_64-unknown-linux-gnu/12.2.0/collect2] ==> ignore
    arg [-plugin] ==> ignore
    arg [/nix/store/jgdz5wfqc6q6qhy17lsqnfpbkfi1fcar-gcc-12.2.0/libexec/gcc/x86_64-unknown-linux-gnu/12.2.0/liblto_plugin.so] ==> ignore
    arg [-plugin-opt=/nix/store/jgdz5wfqc6q6qhy17lsqnfpbkfi1fcar-gcc-12.2.0/libexec/gcc/x86_64-unknown-linux-gnu/12.2.0/lto-wrapper] ==> ignore
    arg [-plugin-opt=-fresolution=/run/user/1000/ccYYD9sZ.res] ==> ignore
    arg [-plugin-opt=-pass-through=-lgcc_s] ==> ignore
    arg [-plugin-opt=-pass-through=-lgcc] ==> ignore
    arg [-plugin-opt=-pass-through=-lc] ==> ignore
    arg [-plugin-opt=-pass-through=-lgcc_s] ==> ignore
    arg [-plugin-opt=-pass-through=-lgcc] ==> ignore
    arg [--eh-frame-hdr] ==> ignore
    arg [-m] ==> ignore
    arg [elf_x86_64] ==> ignore
    arg [-export-dynamic] ==> ignore
    arg [-dynamic-linker] ==> ignore
    arg [/nix/store/whypqfa83z4bsn43n4byvmw80n4mg3r8-glibc-2.37-45/lib64/ld-linux-x86-64.so.2] ==> ignore
    arg [-o] ==> ignore
    arg [cmTC_fc027] ==> ignore
    arg [/nix/store/whypqfa83z4bsn43n4byvmw80n4mg3r8-glibc-2.37-45/lib/crt1.o] ==> obj [/nix/store/whypqfa83z4bsn43n4byvmw80n4mg3r8-glibc-2.37-45/lib/crt1.o]
    arg [/nix/store/whypqfa83z4bsn43n4byvmw80n4mg3r8-glibc-2.37-45/lib/crti.o] ==> obj [/nix/store/whypqfa83z4bsn43n4byvmw80n4mg3r8-glibc-2.37-45/lib/crti.o]
    arg [/nix/store/jgdz5wfqc6q6qhy17lsqnfpbkfi1fcar-gcc-12.2.0/lib/gcc/x86_64-unknown-linux-gnu/12.2.0/crtbegin.o] ==> obj [/nix/store/jgdz5wfqc6q6qhy17lsqnfpbkfi1fcar-gcc-12.2.0/lib/gcc/x86_64-unknown-linux-gnu/12.2.0/crtbegin.o]
    arg [-L/nix/store/mk2dh1va00xkk2ri19jj4y77m22cjcnq-sfml-2.5.1/lib] ==> dir [/nix/store/mk2dh1va00xkk2ri19jj4y77m22cjcnq-sfml-2.5.1/lib]
    arg [-L/nix/store/ply2mi3mcb45qdyh2rmppj6cjlxvb2mn-box2d-2.3.1/lib] ==> dir [/nix/store/ply2mi3mcb45qdyh2rmppj6cjlxvb2mn-box2d-2.3.1/lib]
    arg [-L/nix/store/7xbnc8sjsrip8dn8q8dc65n4kxa1s3cx-gdb-13.1/lib] ==> dir [/nix/store/7xbnc8sjsrip8dn8q8dc65n4kxa1s3cx-gdb-13.1/lib]
    arg [-L/nix/store/mk2dh1va00xkk2ri19jj4y77m22cjcnq-sfml-2.5.1/lib] ==> dir [/nix/store/mk2dh1va00xkk2ri19jj4y77m22cjcnq-sfml-2.5.1/lib]
    arg [-L/nix/store/ply2mi3mcb45qdyh2rmppj6cjlxvb2mn-box2d-2.3.1/lib] ==> dir [/nix/store/ply2mi3mcb45qdyh2rmppj6cjlxvb2mn-box2d-2.3.1/lib]
    arg [-L/nix/store/7xbnc8sjsrip8dn8q8dc65n4kxa1s3cx-gdb-13.1/lib] ==> dir [/nix/store/7xbnc8sjsrip8dn8q8dc65n4kxa1s3cx-gdb-13.1/lib]
    arg [-L/nix/store/whypqfa83z4bsn43n4byvmw80n4mg3r8-glibc-2.37-45/lib] ==> dir [/nix/store/whypqfa83z4bsn43n4byvmw80n4mg3r8-glibc-2.37-45/lib]
    arg [-L/nix/store/jgdz5wfqc6q6qhy17lsqnfpbkfi1fcar-gcc-12.2.0/lib/gcc/x86_64-unknown-linux-gnu/12.2.0] ==> dir [/nix/store/jgdz5wfqc6q6qhy17lsqnfpbkfi1fcar-gcc-12.2.0/lib/gcc/x86_64-unknown-linux-gnu/12.2.0]
    arg [-L/nix/store/bmfc7mrr7kilf45wpfd60davjaqfmagv-gcc-12.2.0-lib/x86_64-unknown-linux-gnu/lib] ==> dir [/nix/store/bmfc7mrr7kilf45wpfd60davjaqfmagv-gcc-12.2.0-lib/x86_64-unknown-linux-gnu/lib]
    arg [-L/nix/store/bmfc7mrr7kilf45wpfd60davjaqfmagv-gcc-12.2.0-lib/lib] ==> dir [/nix/store/bmfc7mrr7kilf45wpfd60davjaqfmagv-gcc-12.2.0-lib/lib]
    arg [-L/nix/store/whypqfa83z4bsn43n4byvmw80n4mg3r8-glibc-2.37-45/lib] ==> dir [/nix/store/whypqfa83z4bsn43n4byvmw80n4mg3r8-glibc-2.37-45/lib]
    arg [-L/nix/store/bmfc7mrr7kilf45wpfd60davjaqfmagv-gcc-12.2.0-lib/lib] ==> dir [/nix/store/bmfc7mrr7kilf45wpfd60davjaqfmagv-gcc-12.2.0-lib/lib]
    arg [-L/nix/store/3hbxw05vfs6m1155xa6pvribs3bv777n-gcc-wrapper-12.2.0/bin] ==> dir [/nix/store/3hbxw05vfs6m1155xa6pvribs3bv777n-gcc-wrapper-12.2.0/bin]
    arg [-L/nix/store/jgdz5wfqc6q6qhy17lsqnfpbkfi1fcar-gcc-12.2.0/lib/gcc/x86_64-unknown-linux-gnu/12.2.0] ==> dir [/nix/store/jgdz5wfqc6q6qhy17lsqnfpbkfi1fcar-gcc-12.2.0/lib/gcc/x86_64-unknown-linux-gnu/12.2.0]
    arg [-L/nix/store/jgdz5wfqc6q6qhy17lsqnfpbkfi1fcar-gcc-12.2.0/lib/gcc/x86_64-unknown-linux-gnu/12.2.0/../../../../lib64] ==> dir [/nix/store/jgdz5wfqc6q6qhy17lsqnfpbkfi1fcar-gcc-12.2.0/lib/gcc/x86_64-unknown-linux-gnu/12.2.0/../../../../lib64]
    arg [-L/nix/store/jgdz5wfqc6q6qhy17lsqnfpbkfi1fcar-gcc-12.2.0/lib/gcc/x86_64-unknown-linux-gnu/12.2.0/../../..] ==> dir [/nix/store/jgdz5wfqc6q6qhy17lsqnfpbkfi1fcar-gcc-12.2.0/lib/gcc/x86_64-unknown-linux-gnu/12.2.0/../../..]
    arg [-dynamic-linker=/nix/store/whypqfa83z4bsn43n4byvmw80n4mg3r8-glibc-2.37-45/lib/ld-linux-x86-64.so.2] ==> ignore
    arg [CMakeFiles/cmTC_fc027.dir/CMakeCXXCompilerABI.cpp.o] ==> ignore
    arg [-rpath] ==> ignore
    arg [/nix/store/46hvwiklwv9vj0wz0xnnw86xj0hc3vai-nix-shell/lib64] ==> ignore
    arg [-rpath] ==> ignore
    arg [/nix/store/46hvwiklwv9vj0wz0xnnw86xj0hc3vai-nix-shell/lib] ==> ignore
    arg [-lstdc++] ==> lib [stdc++]
    arg [-lm] ==> lib [m]
    arg [-lgcc_s] ==> lib [gcc_s]
    arg [-lgcc] ==> lib [gcc]
    arg [-lc] ==> lib [c]
    arg [-lgcc_s] ==> lib [gcc_s]
    arg [-lgcc] ==> lib [gcc]
    arg [/nix/store/jgdz5wfqc6q6qhy17lsqnfpbkfi1fcar-gcc-12.2.0/lib/gcc/x86_64-unknown-linux-gnu/12.2.0/crtend.o] ==> obj [/nix/store/jgdz5wfqc6q6qhy17lsqnfpbkfi1fcar-gcc-12.2.0/lib/gcc/x86_64-unknown-linux-gnu/12.2.0/crtend.o]
    arg [/nix/store/whypqfa83z4bsn43n4byvmw80n4mg3r8-glibc-2.37-45/lib/crtn.o] ==> obj [/nix/store/whypqfa83z4bsn43n4byvmw80n4mg3r8-glibc-2.37-45/lib/crtn.o]
  collapse library dir [/nix/store/mk2dh1va00xkk2ri19jj4y77m22cjcnq-sfml-2.5.1/lib] ==> [/nix/store/mk2dh1va00xkk2ri19jj4y77m22cjcnq-sfml-2.5.1/lib]
  collapse library dir [/nix/store/ply2mi3mcb45qdyh2rmppj6cjlxvb2mn-box2d-2.3.1/lib] ==> [/nix/store/ply2mi3mcb45qdyh2rmppj6cjlxvb2mn-box2d-2.3.1/lib]
  collapse library dir [/nix/store/7xbnc8sjsrip8dn8q8dc65n4kxa1s3cx-gdb-13.1/lib] ==> [/nix/store/7xbnc8sjsrip8dn8q8dc65n4kxa1s3cx-gdb-13.1/lib]
  collapse library dir [/nix/store/mk2dh1va00xkk2ri19jj4y77m22cjcnq-sfml-2.5.1/lib] ==> [/nix/store/mk2dh1va00xkk2ri19jj4y77m22cjcnq-sfml-2.5.1/lib]
  collapse library dir [/nix/store/ply2mi3mcb45qdyh2rmppj6cjlxvb2mn-box2d-2.3.1/lib] ==> [/nix/store/ply2mi3mcb45qdyh2rmppj6cjlxvb2mn-box2d-2.3.1/lib]
  collapse library dir [/nix/store/7xbnc8sjsrip8dn8q8dc65n4kxa1s3cx-gdb-13.1/lib] ==> [/nix/store/7xbnc8sjsrip8dn8q8dc65n4kxa1s3cx-gdb-13.1/lib]
  collapse library dir [/nix/store/whypqfa83z4bsn43n4byvmw80n4mg3r8-glibc-2.37-45/lib] ==> [/nix/store/whypqfa83z4bsn43n4byvmw80n4mg3r8-glibc-2.37-45/lib]
  collapse library dir [/nix/store/jgdz5wfqc6q6qhy17lsqnfpbkfi1fcar-gcc-12.2.0/lib/gcc/x86_64-unknown-linux-gnu/12.2.0] ==> [/nix/store/jgdz5wfqc6q6qhy17lsqnfpbkfi1fcar-gcc-12.2.0/lib/gcc/x86_64-unknown-linux-gnu/12.2.0]
  collapse library dir [/nix/store/bmfc7mrr7kilf45wpfd60davjaqfmagv-gcc-12.2.0-lib/x86_64-unknown-linux-gnu/lib] ==> [/nix/store/bmfc7mrr7kilf45wpfd60davjaqfmagv-gcc-12.2.0-lib/x86_64-unknown-linux-gnu/lib]
  collapse library dir [/nix/store/bmfc7mrr7kilf45wpfd60davjaqfmagv-gcc-12.2.0-lib/lib] ==> [/nix/store/bmfc7mrr7kilf45wpfd60davjaqfmagv-gcc-12.2.0-lib/lib]
  collapse library dir [/nix/store/whypqfa83z4bsn43n4byvmw80n4mg3r8-glibc-2.37-45/lib] ==> [/nix/store/whypqfa83z4bsn43n4byvmw80n4mg3r8-glibc-2.37-45/lib]
  collapse library dir [/nix/store/bmfc7mrr7kilf45wpfd60davjaqfmagv-gcc-12.2.0-lib/lib] ==> [/nix/store/bmfc7mrr7kilf45wpfd60davjaqfmagv-gcc-12.2.0-lib/lib]
  collapse library dir [/nix/store/3hbxw05vfs6m1155xa6pvribs3bv777n-gcc-wrapper-12.2.0/bin] ==> [/nix/store/3hbxw05vfs6m1155xa6pvribs3bv777n-gcc-wrapper-12.2.0/bin]
  collapse library dir [/nix/store/jgdz5wfqc6q6qhy17lsqnfpbkfi1fcar-gcc-12.2.0/lib/gcc/x86_64-unknown-linux-gnu/12.2.0] ==> [/nix/store/jgdz5wfqc6q6qhy17lsqnfpbkfi1fcar-gcc-12.2.0/lib/gcc/x86_64-unknown-linux-gnu/12.2.0]
  collapse library dir [/nix/store/jgdz5wfqc6q6qhy17lsqnfpbkfi1fcar-gcc-12.2.0/lib/gcc/x86_64-unknown-linux-gnu/12.2.0/../../../../lib64] ==> [/nix/store/jgdz5wfqc6q6qhy17lsqnfpbkfi1fcar-gcc-12.2.0/lib64]
  collapse library dir [/nix/store/jgdz5wfqc6q6qhy17lsqnfpbkfi1fcar-gcc-12.2.0/lib/gcc/x86_64-unknown-linux-gnu/12.2.0/../../..] ==> [/nix/store/jgdz5wfqc6q6qhy17lsqnfpbkfi1fcar-gcc-12.2.0/lib]
  implicit libs: [stdc++;m;gcc_s;gcc;c;gcc_s;gcc]
  implicit objs: [/nix/store/whypqfa83z4bsn43n4byvmw80n4mg3r8-glibc-2.37-45/lib/crt1.o;/nix/store/whypqfa83z4bsn43n4byvmw80n4mg3r8-glibc-2.37-45/lib/crti.o;/nix/store/jgdz5wfqc6q6qhy17lsqnfpbkfi1fcar-gcc-12.2.0/lib/gcc/x86_64-unknown-linux-gnu/12.2.0/crtbegin.o;/nix/store/jgdz5wfqc6q6qhy17lsqnfpbkfi1fcar-gcc-12.2.0/lib/gcc/x86_64-unknown-linux-gnu/12.2.0/crtend.o;/nix/store/whypqfa83z4bsn43n4byvmw80n4mg3r8-glibc-2.37-45/lib/crtn.o]
  implicit dirs: [/nix/store/mk2dh1va00xkk2ri19jj4y77m22cjcnq-sfml-2.5.1/lib;/nix/store/ply2mi3mcb45qdyh2rmppj6cjlxvb2mn-box2d-2.3.1/lib;/nix/store/7xbnc8sjsrip8dn8q8dc65n4kxa1s3cx-gdb-13.1/lib;/nix/store/whypqfa83z4bsn43n4byvmw80n4mg3r8-glibc-2.37-45/lib;/nix/store/jgdz5wfqc6q6qhy17lsqnfpbkfi1fcar-gcc-12.2.0/lib/gcc/x86_64-unknown-linux-gnu/12.2.0;/nix/store/bmfc7mrr7kilf45wpfd60davjaqfmagv-gcc-12.2.0-lib/x86_64-unknown-linux-gnu/lib;/nix/store/bmfc7mrr7kilf45wpfd60davjaqfmagv-gcc-12.2.0-lib/lib;/nix/store/3hbxw05vfs6m1155xa6pvribs3bv777n-gcc-wrapper-12.2.0/bin;/nix/store/jgdz5wfqc6q6qhy17lsqnfpbkfi1fcar-gcc-12.2.0/lib64;/nix/store/jgdz5wfqc6q6qhy17lsqnfpbkfi1fcar-gcc-12.2.0/lib]
  implicit fwks: []


